#
# A fatal error has been detected by the Java Runtime Environment:
#
#  EXCEPTION_ACCESS_VIOLATION (0xc0000005) at pc=0x00007ff9e0887220, pid=5144, tid=0x0000000000001ecc
#
# JRE version: Java(TM) SE Runtime Environment (8.0_231-b11) (build 1.8.0_231-b11)
# Java VM: Java HotSpot(TM) 64-Bit Server VM (25.231-b11 mixed mode windows-amd64 compressed oops)
# Problematic frame:
# C  [avcodec-58.dll+0x4b7220]
#
# Failed to write core dump. Minidumps are not enabled by default on client versions of Windows
#
# If you would like to submit a bug report, please visit:
#   http://bugreport.java.com/bugreport/crash.jsp
# The crash happened outside the Java Virtual Machine in native code.
# See problematic frame for where to report the bug.
#

---------------  T H R E A D  ---------------

Current thread (0x000000001f436800):  JavaThread "http-nio-9500-exec-2" daemon [_thread_in_native, id=7884, stack(0x0000000020fb0000,0x00000000210b0000)]

siginfo: ExceptionCode=0xc0000005, reading address 0x0000000000000018

Registers:
RAX=0x0000000000000000, RBX=0x000000001cef91e8, RCX=0x0000000000000000, RDX=0x000000001cef91e8
RSP=0x00000000210ac630, RBP=0x00000000210ac998, RSI=0x000000001cef8d80, RDI=0x000000001cef91e8
R8 =0x00007ff9e27dd410, R9 =0x00000000210ac274, R10=0x00007ffa5c375940, R11=0x000000001ceeb022
R12=0x00000000210ac720, R13=0x000000001cbb3788, R14=0x00000000210aca78, R15=0x000000001f436800
RIP=0x00007ff9e0887220, EFLAGS=0x0000000000010206

Top of Stack: (sp=0x00000000210ac630)
0x00000000210ac630:   00000000210ac998 00007ff9e088856d
0x00000000210ac640:   000000001cbb3788 00000000210aca78
0x00000000210ac650:   0000000000001458 000000001cef91e8
0x00000000210ac660:   0000000000000001 00007ff9e088e18e
0x00000000210ac670:   00007ff9e2828120 00007ff9e27ebd98
0x00000000210ac680:   0000000000000000 00000000210ac720
0x00000000210ac690:   000000001cef8d80 000000001cef8900
0x00000000210ac6a0:   00000000ffffffea 00007ff9e27dd42e
0x00000000210ac6b0:   00007ff9e2828120 0000000000000000
0x00000000210ac6c0:   0000000000000009 00000000210ac720
0x00000000210ac6d0:   000000001cef8900 00007ff9e2828120
0x00000000210ac6e0:   00000000ffffffea 00007ff9e0a2910a
0x00000000210ac6f0:   0000000000000000 0000000000000000
0x00000000210ac700:   0000000100000000 00007ffa22f51774
0x00000000210ac710:   0000000000000000 000000001cef8900
0x00000000210ac720:   0000000000000000 000000001ceef840 

Instructions: (pc=0x00007ff9e0887220)
0x00007ff9e0887200:   5c b5 4c 00 e9 16 ff ff ff 0f 1f 80 00 00 00 00
0x00007ff9e0887210:   57 53 48 83 ec 28 48 8b 02 48 89 d7 48 89 42 08
0x00007ff9e0887220:   8b 51 18 44 8d 82 6a ff ff ff 41 83 f8 01 76 0c
0x00007ff9e0887230:   81 fa a6 00 00 00 0f 85 d4 00 00 00 48 85 c0 74 


Register to memory mapping:

RAX=0x0000000000000000 is an unknown value
RBX=0x000000001cef91e8 is an unknown value
RCX=0x0000000000000000 is an unknown value
RDX=0x000000001cef91e8 is an unknown value
RSP=0x00000000210ac630 is pointing into the stack for thread: 0x000000001f436800
RBP=0x00000000210ac998 is pointing into the stack for thread: 0x000000001f436800
RSI=0x000000001cef8d80 is an unknown value
RDI=0x000000001cef91e8 is an unknown value
R8 =0x00007ff9e27dd410 is an unknown value
R9 =0x00000000210ac274 is pointing into the stack for thread: 0x000000001f436800
R10=0x00007ffa5c375940 is an unknown value
R11=0x000000001ceeb022 is an unknown value
R12=0x00000000210ac720 is pointing into the stack for thread: 0x000000001f436800
R13=0x000000001cbb3788 is pointing into metadata
R14=0x00000000210aca78 is pointing into the stack for thread: 0x000000001f436800
R15=0x000000001f436800 is a thread


Stack: [0x0000000020fb0000,0x00000000210b0000],  sp=0x00000000210ac630,  free space=1009k
Native frames: (J=compiled Java code, j=interpreted, Vv=VM code, C=native code)
C  [avcodec-58.dll+0x4b7220]
C  [avcodec-58.dll+0x4be18e]
C  [avcodec-58.dll+0x240d42e]
C  [avcodec-58.dll+0x65910a]
C  [jniavcodec.dll+0x4a200]
C  0x00000000030f1df0

Java frames: (J=compiled Java code, j=interpreted, Vv=VM code)
j  org.bytedeco.ffmpeg.global.avcodec.avcodec_open2(Lorg/bytedeco/ffmpeg/avcodec/AVCodecContext;Lorg/bytedeco/ffmpeg/avcodec/AVCodec;Lorg/bytedeco/ffmpeg/avutil/AVDictionary;)I+0
j  org.bytedeco.javacv.FFmpegFrameRecorder.startUnsafe()V+2875
j  org.bytedeco.javacv.FFmpegFrameRecorder.start()V+6
j  cn.mrxccc.easycv.recorder.ImageRecord.to(Ljava/lang/String;)Lcn/mrxccc/easycv/recorder/Recorder;+159
j  cn.mrxccc.easycv.manager.ImgRecordTasksManager.createRecorder(Ljava/lang/String;Ljava/lang/String;Ljava/lang/Integer;)Lcn/mrxccc/easycv/recorder/ImageRecord;+99
j  cn.mrxccc.easycv.serivce.impl.ImgRecordTaskServiceImpl.startImgRecordTask(Ljava/lang/Integer;)Z+68
j  cn.mrxccc.easycv.serivce.impl.ImgRecordTaskServiceImpl$$FastClassBySpringCGLIB$$b4e5248d.invoke(ILjava/lang/Object;[Ljava/lang/Object;)Ljava/lang/Object;+204
j  org.springframework.cglib.proxy.MethodProxy.invoke(Ljava/lang/Object;[Ljava/lang/Object;)Ljava/lang/Object;+19
j  org.springframework.aop.framework.CglibAopProxy$DynamicAdvisedInterceptor.intercept(Ljava/lang/Object;Ljava/lang/reflect/Method;[Ljava/lang/Object;Lorg/springframework/cglib/proxy/MethodProxy;)Ljava/lang/Object;+107
j  cn.mrxccc.easycv.serivce.impl.ImgRecordTaskServiceImpl$$EnhancerBySpringCGLIB$$d0f4d9b0.startImgRecordTask(Ljava/lang/Integer;)Z+36
j  cn.mrxccc.easycv.controller.ImageRecordController.startImgRecordTask(Ljava/lang/Integer;)Lcn/mrxccc/easycv/dto/ResponseResult;+13
v  ~StubRoutines::call_stub
J 1857  sun.reflect.NativeMethodAccessorImpl.invoke0(Ljava/lang/reflect/Method;Ljava/lang/Object;[Ljava/lang/Object;)Ljava/lang/Object; (0 bytes) @ 0x00000000034ce0ff [0x00000000034ce080+0x7f]
J 1858 C1 sun.reflect.NativeMethodAccessorImpl.invoke(Ljava/lang/Object;[Ljava/lang/Object;)Ljava/lang/Object; (104 bytes) @ 0x00000000034ce894 [0x00000000034ce4e0+0x3b4]
J 1819 C1 sun.reflect.DelegatingMethodAccessorImpl.invoke(Ljava/lang/Object;[Ljava/lang/Object;)Ljava/lang/Object; (10 bytes) @ 0x00000000034b927c [0x00000000034b9220+0x5c]
J 1818 C1 java.lang.reflect.Method.invoke(Ljava/lang/Object;[Ljava/lang/Object;)Ljava/lang/Object; (62 bytes) @ 0x00000000034b8e4c [0x00000000034b8d20+0x12c]
j  org.springframework.web.method.support.InvocableHandlerMethod.doInvoke([Ljava/lang/Object;)Ljava/lang/Object;+16
j  org.springframework.web.method.support.InvocableHandlerMethod.invokeForRequest(Lorg/springframework/web/context/request/NativeWebRequest;Lorg/springframework/web/method/support/ModelAndViewContainer;[Ljava/lang/Object;)Ljava/lang/Object;+56
j  org.springframework.web.servlet.mvc.method.annotation.ServletInvocableHandlerMethod.invokeAndHandle(Lorg/springframework/web/context/request/ServletWebRequest;Lorg/springframework/web/method/support/ModelAndViewContainer;[Ljava/lang/Object;)V+4
j  org.springframework.web.servlet.mvc.method.annotation.RequestMappingHandlerAdapter.invokeHandlerMethod(Ljavax/servlet/http/HttpServletRequest;Ljavax/servlet/http/HttpServletResponse;Lorg/springframework/web/method/HandlerMethod;)Lorg/springframework/web/servlet/ModelAndView;+244
j  org.springframework.web.servlet.mvc.method.annotation.RequestMappingHandlerAdapter.handleInternal(Ljavax/servlet/http/HttpServletRequest;Ljavax/servlet/http/HttpServletResponse;Lorg/springframework/web/method/HandlerMethod;)Lorg/springframework/web/servlet/ModelAndView;+81
j  org.springframework.web.servlet.mvc.method.AbstractHandlerMethodAdapter.handle(Ljavax/servlet/http/HttpServletRequest;Ljavax/servlet/http/HttpServletResponse;Ljava/lang/Object;)Lorg/springframework/web/servlet/ModelAndView;+7
j  org.springframework.web.servlet.DispatcherServlet.doDispatch(Ljavax/servlet/http/HttpServletRequest;Ljavax/servlet/http/HttpServletResponse;)V+257
j  org.springframework.web.servlet.DispatcherServlet.doService(Ljavax/servlet/http/HttpServletRequest;Ljavax/servlet/http/HttpServletResponse;)V+212
j  org.springframework.web.servlet.FrameworkServlet.processRequest(Ljavax/servlet/http/HttpServletRequest;Ljavax/servlet/http/HttpServletResponse;)V+71
j  org.springframework.web.servlet.FrameworkServlet.doPost(Ljavax/servlet/http/HttpServletRequest;Ljavax/servlet/http/HttpServletResponse;)V+3
j  javax.servlet.http.HttpServlet.service(Ljavax/servlet/http/HttpServletRequest;Ljavax/servlet/http/HttpServletResponse;)V+149
j  org.springframework.web.servlet.FrameworkServlet.service(Ljavax/servlet/http/HttpServletRequest;Ljavax/servlet/http/HttpServletResponse;)V+33
j  javax.servlet.http.HttpServlet.service(Ljavax/servlet/ServletRequest;Ljavax/servlet/ServletResponse;)V+36
j  org.apache.catalina.core.ApplicationFilterChain.internalDoFilter(Ljavax/servlet/ServletRequest;Ljavax/servlet/ServletResponse;)V+304
j  org.apache.catalina.core.ApplicationFilterChain.doFilter(Ljavax/servlet/ServletRequest;Ljavax/servlet/ServletResponse;)V+101
j  org.apache.tomcat.websocket.server.WsFilter.doFilter(Ljavax/servlet/ServletRequest;Ljavax/servlet/ServletResponse;Ljavax/servlet/FilterChain;)V+21
j  org.apache.catalina.core.ApplicationFilterChain.internalDoFilter(Ljavax/servlet/ServletRequest;Ljavax/servlet/ServletResponse;)V+135
j  org.apache.catalina.core.ApplicationFilterChain.doFilter(Ljavax/servlet/ServletRequest;Ljavax/servlet/ServletResponse;)V+101
j  org.springframework.web.servlet.resource.ResourceUrlEncodingFilter.doFilter(Ljavax/servlet/ServletRequest;Ljavax/servlet/ServletResponse;Ljavax/servlet/FilterChain;)V+57
j  org.apache.catalina.core.ApplicationFilterChain.internalDoFilter(Ljavax/servlet/ServletRequest;Ljavax/servlet/ServletResponse;)V+135
j  org.apache.catalina.core.ApplicationFilterChain.doFilter(Ljavax/servlet/ServletRequest;Ljavax/servlet/ServletResponse;)V+101
j  org.springframework.web.filter.RequestContextFilter.doFilterInternal(Ljavax/servlet/http/HttpServletRequest;Ljavax/servlet/http/HttpServletResponse;Ljavax/servlet/FilterChain;)V+21
j  org.springframework.web.filter.OncePerRequestFilter.doFilter(Ljavax/servlet/ServletRequest;Ljavax/servlet/ServletResponse;Ljavax/servlet/FilterChain;)V+147
j  org.apache.catalina.core.ApplicationFilterChain.internalDoFilter(Ljavax/servlet/ServletRequest;Ljavax/servlet/ServletResponse;)V+135
j  org.apache.catalina.core.ApplicationFilterChain.doFilter(Ljavax/servlet/ServletRequest;Ljavax/servlet/ServletResponse;)V+101
j  org.springframework.web.filter.FormContentFilter.doFilterInternal(Ljavax/servlet/http/HttpServletRequest;Ljavax/servlet/http/HttpServletResponse;Ljavax/servlet/FilterChain;)V+38
j  org.springframework.web.filter.OncePerRequestFilter.doFilter(Ljavax/servlet/ServletRequest;Ljavax/servlet/ServletResponse;Ljavax/servlet/FilterChain;)V+147
j  org.apache.catalina.core.ApplicationFilterChain.internalDoFilter(Ljavax/servlet/ServletRequest;Ljavax/servlet/ServletResponse;)V+135
j  org.apache.catalina.core.ApplicationFilterChain.doFilter(Ljavax/servlet/ServletRequest;Ljavax/servlet/ServletResponse;)V+101
j  org.springframework.web.filter.CharacterEncodingFilter.doFilterInternal(Ljavax/servlet/http/HttpServletRequest;Ljavax/servlet/http/HttpServletResponse;Ljavax/servlet/FilterChain;)V+53
j  org.springframework.web.filter.OncePerRequestFilter.doFilter(Ljavax/servlet/ServletRequest;Ljavax/servlet/ServletResponse;Ljavax/servlet/FilterChain;)V+147
j  org.apache.catalina.core.ApplicationFilterChain.internalDoFilter(Ljavax/servlet/ServletRequest;Ljavax/servlet/ServletResponse;)V+135
j  org.apache.catalina.core.ApplicationFilterChain.doFilter(Ljavax/servlet/ServletRequest;Ljavax/servlet/ServletResponse;)V+101
j  org.apache.catalina.core.StandardWrapperValve.invoke(Lorg/apache/catalina/connector/Request;Lorg/apache/catalina/connector/Response;)V+694
j  org.apache.catalina.core.StandardContextValve.invoke(Lorg/apache/catalina/connector/Request;Lorg/apache/catalina/connector/Response;)V+166
j  org.apache.catalina.authenticator.AuthenticatorBase.invoke(Lorg/apache/catalina/connector/Request;Lorg/apache/catalina/connector/Response;)V+260
j  org.apache.catalina.core.StandardHostValve.invoke(Lorg/apache/catalina/connector/Request;Lorg/apache/catalina/connector/Response;)V+114
j  org.apache.catalina.valves.ErrorReportValve.invoke(Lorg/apache/catalina/connector/Request;Lorg/apache/catalina/connector/Response;)V+6
j  org.apache.catalina.core.StandardEngineValve.invoke(Lorg/apache/catalina/connector/Request;Lorg/apache/catalina/connector/Response;)V+45
j  org.apache.catalina.connector.CoyoteAdapter.service(Lorg/apache/coyote/Request;Lorg/apache/coyote/Response;)V+199
j  org.apache.coyote.http11.Http11Processor.service(Lorg/apache/tomcat/util/net/SocketWrapperBase;)Lorg/apache/tomcat/util/net/AbstractEndpoint$Handler$SocketState;+727
j  org.apache.coyote.AbstractProcessorLight.process(Lorg/apache/tomcat/util/net/SocketWrapperBase;Lorg/apache/tomcat/util/net/SocketEvent;)Lorg/apache/tomcat/util/net/AbstractEndpoint$Handler$SocketState;+170
j  org.apache.coyote.AbstractProtocol$ConnectionHandler.process(Lorg/apache/tomcat/util/net/SocketWrapperBase;Lorg/apache/tomcat/util/net/SocketEvent;)Lorg/apache/tomcat/util/net/AbstractEndpoint$Handler$SocketState;+429
j  org.apache.tomcat.util.net.NioEndpoint$SocketProcessor.doRun()V+221
j  org.apache.tomcat.util.net.SocketProcessorBase.run()V+21
j  java.util.concurrent.ThreadPoolExecutor.runWorker(Ljava/util/concurrent/ThreadPoolExecutor$Worker;)V+95
j  java.util.concurrent.ThreadPoolExecutor$Worker.run()V+5
j  org.apache.tomcat.util.threads.TaskThread$WrappingRunnable.run()V+4
j  java.lang.Thread.run()V+11
v  ~StubRoutines::call_stub

---------------  P R O C E S S  ---------------

Java Threads: ( => current thread )
  0x000000001f442800 JavaThread "JavaCPP Deallocator" daemon [_thread_blocked, id=16260, stack(0x00000000217e0000,0x00000000218e0000)]
  0x000000001f43f800 JavaThread "DestroyJavaVM" [_thread_blocked, id=24904, stack(0x0000000002930000,0x0000000002a30000)]
  0x000000001f441000 JavaThread "MyHikariCP housekeeper" daemon [_thread_blocked, id=9608, stack(0x0000000022260000,0x0000000022360000)]
  0x000000001f43f000 JavaThread "http-nio-9500-Acceptor" daemon [_thread_in_native, id=8364, stack(0x0000000021e60000,0x0000000021f60000)]
  0x000000001f43e000 JavaThread "http-nio-9500-ClientPoller" daemon [_thread_in_native, id=11716, stack(0x0000000021d60000,0x0000000021e60000)]
  0x000000001f43d800 JavaThread "http-nio-9500-exec-10" daemon [_thread_blocked, id=24996, stack(0x00000000219a0000,0x0000000021aa0000)]
  0x000000001f436000 JavaThread "http-nio-9500-exec-9" daemon [_thread_blocked, id=12332, stack(0x00000000216b0000,0x00000000217b0000)]
  0x000000001f43c800 JavaThread "http-nio-9500-exec-8" daemon [_thread_blocked, id=24512, stack(0x00000000215b0000,0x00000000216b0000)]
  0x000000001f43c000 JavaThread "http-nio-9500-exec-7" daemon [_thread_blocked, id=10084, stack(0x00000000214b0000,0x00000000215b0000)]
  0x000000001f434800 JavaThread "http-nio-9500-exec-6" daemon [_thread_blocked, id=12676, stack(0x00000000213b0000,0x00000000214b0000)]
  0x000000001f435000 JavaThread "http-nio-9500-exec-5" daemon [_thread_blocked, id=14012, stack(0x00000000212b0000,0x00000000213b0000)]
  0x000000001f439800 JavaThread "http-nio-9500-exec-4" daemon [_thread_blocked, id=21364, stack(0x00000000211b0000,0x00000000212b0000)]
  0x000000001f439000 JavaThread "http-nio-9500-exec-3" daemon [_thread_blocked, id=24768, stack(0x00000000210b0000,0x00000000211b0000)]
=>0x000000001f436800 JavaThread "http-nio-9500-exec-2" daemon [_thread_in_native, id=7884, stack(0x0000000020fb0000,0x00000000210b0000)]
  0x000000001f437800 JavaThread "http-nio-9500-exec-1" daemon [_thread_blocked, id=12544, stack(0x0000000020eb0000,0x0000000020fb0000)]
  0x000000001f43b000 JavaThread "http-nio-9500-BlockPoller" daemon [_thread_in_native, id=12864, stack(0x0000000020cb0000,0x0000000020db0000)]
  0x000000001f43a800 JavaThread "Live Reload Server" daemon [_thread_in_native, id=24476, stack(0x0000000020db0000,0x0000000020eb0000)]
  0x000000001f433800 JavaThread "File Watcher" daemon [_thread_blocked, id=23208, stack(0x0000000020bb0000,0x0000000020cb0000)]
  0x000000001f223800 JavaThread "container-0" [_thread_blocked, id=11072, stack(0x00000000202b0000,0x00000000203b0000)]
  0x000000001f222800 JavaThread "Catalina-utility-2" [_thread_blocked, id=24848, stack(0x00000000201b0000,0x00000000202b0000)]
  0x000000001eb62800 JavaThread "Catalina-utility-1" [_thread_blocked, id=26212, stack(0x000000001cc10000,0x000000001cd10000)]
  0x000000001b89e000 JavaThread "RMI Scheduler(0)" daemon [_thread_blocked, id=6252, stack(0x000000001d110000,0x000000001d210000)]
  0x000000001b568000 JavaThread "RMI TCP Accept-0" daemon [_thread_in_native, id=24964, stack(0x000000001c550000,0x000000001c650000)]
  0x000000001b2ea800 JavaThread "Service Thread" daemon [_thread_blocked, id=23928, stack(0x000000001c450000,0x000000001c550000)]
  0x000000001b259800 JavaThread "C1 CompilerThread3" daemon [_thread_blocked, id=23252, stack(0x000000001c350000,0x000000001c450000)]
  0x000000001b244800 JavaThread "C2 CompilerThread2" daemon [_thread_blocked, id=21460, stack(0x000000001c250000,0x000000001c350000)]
  0x000000001b244000 JavaThread "C2 CompilerThread1" daemon [_thread_blocked, id=7536, stack(0x000000001c150000,0x000000001c250000)]
  0x000000001b243000 JavaThread "C2 CompilerThread0" daemon [_thread_blocked, id=7932, stack(0x000000001c050000,0x000000001c150000)]
  0x0000000019e28800 JavaThread "JDWP Command Reader" daemon [_thread_in_native, id=10280, stack(0x000000001a780000,0x000000001a880000)]
  0x0000000019e27800 JavaThread "JDWP Event Helper Thread" daemon [_thread_blocked, id=21392, stack(0x000000001a680000,0x000000001a780000)]
  0x0000000019e1e000 JavaThread "JDWP Transport Listener: dt_socket" daemon [_thread_blocked, id=22216, stack(0x000000001a580000,0x000000001a680000)]
  0x0000000019e17800 JavaThread "Attach Listener" daemon [_thread_blocked, id=12812, stack(0x000000001a480000,0x000000001a580000)]
  0x0000000019dc4800 JavaThread "Signal Dispatcher" daemon [_thread_blocked, id=8380, stack(0x000000001a380000,0x000000001a480000)]
  0x0000000019da0800 JavaThread "Finalizer" daemon [_thread_blocked, id=4668, stack(0x000000001a280000,0x000000001a380000)]
  0x0000000017f8d000 JavaThread "Reference Handler" daemon [_thread_blocked, id=17676, stack(0x000000001a180000,0x000000001a280000)]

Other Threads:
  0x0000000017f89000 VMThread [stack: 0x0000000019c80000,0x0000000019d80000] [id=20772]
  0x000000001b589000 WatcherThread [stack: 0x000000001c650000,0x000000001c750000] [id=18772]

VM state:not at safepoint (normal execution)

VM Mutex/Monitor currently owned by a thread: None

heap address: 0x0000000082e00000, size: 2002 MB, Compressed Oops mode: 32-bit
Narrow klass base: 0x0000000000000000, Narrow klass shift: 3
Compressed class space size: 1073741824 Address: 0x0000000100000000

Heap:
 PSYoungGen      total 412160K, used 381329K [0x00000000d6500000, 0x00000000f1a00000, 0x0000000100000000)
  eden space 382976K, 99% used [0x00000000d6500000,0x00000000ed964598,0x00000000edb00000)
  from space 29184K, 0% used [0x00000000efc00000,0x00000000efc00000,0x00000000f1880000)
  to   space 32256K, 0% used [0x00000000edb00000,0x00000000edb00000,0x00000000efa80000)
 ParOldGen       total 122368K, used 26608K [0x0000000082e00000, 0x000000008a580000, 0x00000000d6500000)
  object space 122368K, 21% used [0x0000000082e00000,0x00000000847fc330,0x000000008a580000)
 Metaspace       used 47942K, capacity 50162K, committed 50304K, reserved 1093632K
  class space    used 6287K, capacity 6686K, committed 6784K, reserved 1048576K

Card table byte_map: [0x0000000012490000,0x0000000012880000] byte_map_base: 0x0000000012079000

Marking Bits: (ParMarkBitMap*) 0x0000000054406d90
 Begin Bits: [0x0000000013320000, 0x0000000015268000)
 End Bits:   [0x0000000015268000, 0x00000000171b0000)

Polling page: 0x0000000000c20000

CodeCache: size=245760Kb used=10743Kb max_used=10743Kb free=235016Kb
 bounds [0x00000000030d0000, 0x0000000003b50000, 0x00000000120d0000]
 total_blobs=5559 nmethods=4994 adapters=484
 compilation: enabled

Compilation events (10 events):
Event: 150.287 Thread 0x000000001b259800 5073   !   1       com.sun.proxy.$Proxy109::linkpath (29 bytes)
Event: 150.287 Thread 0x000000001b259800 nmethod 5073 0x0000000003b488d0 code [0x0000000003b48a60, 0x0000000003b48d18]
Event: 150.287 Thread 0x000000001b259800 5074   !   1       com.sun.proxy.$Proxy109::linkresource (29 bytes)
Event: 150.287 Thread 0x000000001b259800 nmethod 5074 0x0000000003b48ed0 code [0x0000000003b49060, 0x0000000003b49318]
Event: 150.287 Thread 0x000000001b259800 5075   !   1       com.sun.proxy.$Proxy109::frameworkpath (29 bytes)
Event: 150.287 Thread 0x000000001b259800 nmethod 5075 0x0000000003b494d0 code [0x0000000003b49660, 0x0000000003b49918]
Event: 150.393 Thread 0x000000001b259800 5076       1       org.bytedeco.javacpp.Loader::getEnclosingClass (245 bytes)
Event: 150.395 Thread 0x000000001b259800 nmethod 5076 0x0000000003b49ad0 code [0x0000000003b4a180, 0x0000000003b4c7b8]
Event: 150.671 Thread 0x000000001b259800 5077       1       java.util.ArrayDeque::size (18 bytes)
Event: 150.671 Thread 0x000000001b259800 nmethod 5077 0x0000000003b4f3d0 code [0x0000000003b4f520, 0x0000000003b4f650]

GC Heap History (10 events):
Event: 4.851 GC heap before
{Heap before GC invocations=11 (full 2):
 PSYoungGen      total 227328K, used 10232K [0x00000000d6500000, 0x00000000e9b00000, 0x0000000100000000)
  eden space 217088K, 0% used [0x00000000d6500000,0x00000000d6500000,0x00000000e3900000)
  from space 10240K, 99% used [0x00000000e3900000,0x00000000e42fe370,0x00000000e4300000)
  to   space 12288K, 0% used [0x00000000e8f00000,0x00000000e8f00000,0x00000000e9b00000)
 ParOldGen       total 52736K, used 9215K [0x0000000082e00000, 0x0000000086180000, 0x00000000d6500000)
  object space 52736K, 17% used [0x0000000082e00000,0x00000000836ffd68,0x0000000086180000)
 Metaspace       used 33719K, capacity 35400K, committed 35496K, reserved 1079296K
  class space    used 4517K, capacity 4840K, committed 4864K, reserved 1048576K
Event: 4.917 GC heap after
Heap after GC invocations=11 (full 2):
 PSYoungGen      total 227328K, used 0K [0x00000000d6500000, 0x00000000e9b00000, 0x0000000100000000)
  eden space 217088K, 0% used [0x00000000d6500000,0x00000000d6500000,0x00000000e3900000)
  from space 10240K, 0% used [0x00000000e3900000,0x00000000e3900000,0x00000000e4300000)
  to   space 12288K, 0% used [0x00000000e8f00000,0x00000000e8f00000,0x00000000e9b00000)
 ParOldGen       total 85504K, used 17537K [0x0000000082e00000, 0x0000000088180000, 0x00000000d6500000)
  object space 85504K, 20% used [0x0000000082e00000,0x0000000083f207d0,0x0000000088180000)
 Metaspace       used 33719K, capacity 35400K, committed 35496K, reserved 1079296K
  class space    used 4517K, capacity 4840K, committed 4864K, reserved 1048576K
}
Event: 5.860 GC heap before
{Heap before GC invocations=12 (full 2):
 PSYoungGen      total 227328K, used 217088K [0x00000000d6500000, 0x00000000e9b00000, 0x0000000100000000)
  eden space 217088K, 100% used [0x00000000d6500000,0x00000000e3900000,0x00000000e3900000)
  from space 10240K, 0% used [0x00000000e3900000,0x00000000e3900000,0x00000000e4300000)
  to   space 12288K, 0% used [0x00000000e8f00000,0x00000000e8f00000,0x00000000e9b00000)
 ParOldGen       total 85504K, used 17537K [0x0000000082e00000, 0x0000000088180000, 0x00000000d6500000)
  object space 85504K, 20% used [0x0000000082e00000,0x0000000083f207d0,0x0000000088180000)
 Metaspace       used 37886K, capacity 39896K, committed 40064K, reserved 1083392K
  class space    used 5052K, capacity 5434K, committed 5504K, reserved 1048576K
Event: 5.876 GC heap after
Heap after GC invocations=12 (full 2):
 PSYoungGen      total 290304K, used 12273K [0x00000000d6500000, 0x00000000e9b00000, 0x0000000100000000)
  eden space 278016K, 0% used [0x00000000d6500000,0x00000000d6500000,0x00000000e7480000)
  from space 12288K, 99% used [0x00000000e8f00000,0x00000000e9afc420,0x00000000e9b00000)
  to   space 17408K, 0% used [0x00000000e7900000,0x00000000e7900000,0x00000000e8a00000)
 ParOldGen       total 85504K, used 27615K [0x0000000082e00000, 0x0000000088180000, 0x00000000d6500000)
  object space 85504K, 32% used [0x0000000082e00000,0x00000000848f7c10,0x0000000088180000)
 Metaspace       used 37886K, capacity 39896K, committed 40064K, reserved 1083392K
  class space    used 5052K, capacity 5434K, committed 5504K, reserved 1048576K
}
Event: 6.394 GC heap before
{Heap before GC invocations=13 (full 2):
 PSYoungGen      total 290304K, used 290289K [0x00000000d6500000, 0x00000000e9b00000, 0x0000000100000000)
  eden space 278016K, 100% used [0x00000000d6500000,0x00000000e7480000,0x00000000e7480000)
  from space 12288K, 99% used [0x00000000e8f00000,0x00000000e9afc420,0x00000000e9b00000)
  to   space 17408K, 0% used [0x00000000e7900000,0x00000000e7900000,0x00000000e8a00000)
 ParOldGen       total 85504K, used 27615K [0x0000000082e00000, 0x0000000088180000, 0x00000000d6500000)
  object space 85504K, 32% used [0x0000000082e00000,0x00000000848f7c10,0x0000000088180000)
 Metaspace       used 38038K, capacity 40024K, committed 40320K, reserved 1083392K
  class space    used 5067K, capacity 5434K, committed 5504K, reserved 1048576K
Event: 6.453 GC heap after
Heap after GC invocations=13 (full 2):
 PSYoungGen      total 300032K, used 17388K [0x00000000d6500000, 0x00000000f1880000, 0x0000000100000000)
  eden space 282624K, 0% used [0x00000000d6500000,0x00000000d6500000,0x00000000e7900000)
  from space 17408K, 99% used [0x00000000e7900000,0x00000000e89fb1c0,0x00000000e8a00000)
  to   space 29184K, 0% used [0x00000000efc00000,0x00000000efc00000,0x00000000f1880000)
 ParOldGen       total 85504K, used 52450K [0x0000000082e00000, 0x0000000088180000, 0x00000000d6500000)
  object space 85504K, 61% used [0x0000000082e00000,0x0000000086138ad8,0x0000000088180000)
 Metaspace       used 38038K, capacity 40024K, committed 40320K, reserved 1083392K
  class space    used 5067K, capacity 5434K, committed 5504K, reserved 1048576K
}
Event: 145.128 GC heap before
{Heap before GC invocations=14 (full 2):
 PSYoungGen      total 300032K, used 300012K [0x00000000d6500000, 0x00000000f1880000, 0x0000000100000000)
  eden space 282624K, 100% used [0x00000000d6500000,0x00000000e7900000,0x00000000e7900000)
  from space 17408K, 99% used [0x00000000e7900000,0x00000000e89fb1c0,0x00000000e8a00000)
  to   space 29184K, 0% used [0x00000000efc00000,0x00000000efc00000,0x00000000f1880000)
 ParOldGen       total 85504K, used 52450K [0x0000000082e00000, 0x0000000088180000, 0x00000000d6500000)
  object space 85504K, 61% used [0x0000000082e00000,0x0000000086138ad8,0x0000000088180000)
 Metaspace       used 46346K, capacity 48550K, committed 48768K, reserved 1091584K
  class space    used 6029K, capacity 6428K, committed 6528K, reserved 1048576K
Event: 145.150 GC heap after
Heap after GC invocations=14 (full 2):
 PSYoungGen      total 412160K, used 25043K [0x00000000d6500000, 0x00000000f1a00000, 0x0000000100000000)
  eden space 382976K, 0% used [0x00000000d6500000,0x00000000d6500000,0x00000000edb00000)
  from space 29184K, 85% used [0x00000000efc00000,0x00000000f1474f60,0x00000000f1880000)
  to   space 32256K, 0% used [0x00000000edb00000,0x00000000edb00000,0x00000000efa80000)
 ParOldGen       total 85504K, used 69416K [0x0000000082e00000, 0x0000000088180000, 0x00000000d6500000)
  object space 85504K, 81% used [0x0000000082e00000,0x00000000871ca388,0x0000000088180000)
 Metaspace       used 46346K, capacity 48550K, committed 48768K, reserved 1091584K
  class space    used 6029K, capacity 6428K, committed 6528K, reserved 1048576K
}
Event: 145.150 GC heap before
{Heap before GC invocations=15 (full 3):
 PSYoungGen      total 412160K, used 25043K [0x00000000d6500000, 0x00000000f1a00000, 0x0000000100000000)
  eden space 382976K, 0% used [0x00000000d6500000,0x00000000d6500000,0x00000000edb00000)
  from space 29184K, 85% used [0x00000000efc00000,0x00000000f1474f60,0x00000000f1880000)
  to   space 32256K, 0% used [0x00000000edb00000,0x00000000edb00000,0x00000000efa80000)
 ParOldGen       total 85504K, used 69416K [0x0000000082e00000, 0x0000000088180000, 0x00000000d6500000)
  object space 85504K, 81% used [0x0000000082e00000,0x00000000871ca388,0x0000000088180000)
 Metaspace       used 46346K, capacity 48550K, committed 48768K, reserved 1091584K
  class space    used 6029K, capacity 6428K, committed 6528K, reserved 1048576K
Event: 145.280 GC heap after
Heap after GC invocations=15 (full 3):
 PSYoungGen      total 412160K, used 0K [0x00000000d6500000, 0x00000000f1a00000, 0x0000000100000000)
  eden space 382976K, 0% used [0x00000000d6500000,0x00000000d6500000,0x00000000edb00000)
  from space 29184K, 0% used [0x00000000efc00000,0x00000000efc00000,0x00000000f1880000)
  to   space 32256K, 0% used [0x00000000edb00000,0x00000000edb00000,0x00000000efa80000)
 ParOldGen       total 122368K, used 26608K [0x0000000082e00000, 0x000000008a580000, 0x00000000d6500000)
  object space 122368K, 21% used [0x0000000082e00000,0x00000000847fc330,0x000000008a580000)
 Metaspace       used 46342K, capacity 48544K, committed 48768K, reserved 1091584K
  class space    used 6029K, capacity 6427K, committed 6528K, reserved 1048576K
}

Deoptimization events (0 events):
No events

Classes redefined (0 events):
No events

Internal exceptions (10 events):
Event: 151.003 Thread 0x000000001f436800 Exception <a 'sun/nio/fs/WindowsException'> (0x00000000ed8b82a0) thrown at [C:\re\workspace\8-2-build-windows-amd64-cygwin\jdk8u231\13620\hotspot\src\share\vm\prims\jni.cpp, line 710]
Event: 151.004 Thread 0x000000001f436800 Exception <a 'sun/nio/fs/WindowsException'> (0x00000000ed8ba318) thrown at [C:\re\workspace\8-2-build-windows-amd64-cygwin\jdk8u231\13620\hotspot\src\share\vm\prims\jni.cpp, line 710]
Event: 151.004 Thread 0x000000001f436800 Exception <a 'sun/nio/fs/WindowsException'> (0x00000000ed8bc450) thrown at [C:\re\workspace\8-2-build-windows-amd64-cygwin\jdk8u231\13620\hotspot\src\share\vm\prims\jni.cpp, line 710]
Event: 151.005 Thread 0x000000001f436800 Exception <a 'sun/nio/fs/WindowsException'> (0x00000000ed8be330) thrown at [C:\re\workspace\8-2-build-windows-amd64-cygwin\jdk8u231\13620\hotspot\src\share\vm\prims\jni.cpp, line 710]
Event: 151.005 Thread 0x000000001f436800 Exception <a 'sun/nio/fs/WindowsException'> (0x00000000ed8c0270) thrown at [C:\re\workspace\8-2-build-windows-amd64-cygwin\jdk8u231\13620\hotspot\src\share\vm\prims\jni.cpp, line 710]
Event: 151.006 Thread 0x000000001f436800 Exception <a 'sun/nio/fs/WindowsException'> (0x00000000ed8c21c8) thrown at [C:\re\workspace\8-2-build-windows-amd64-cygwin\jdk8u231\13620\hotspot\src\share\vm\prims\jni.cpp, line 710]
Event: 151.006 Thread 0x000000001f436800 Exception <a 'sun/nio/fs/WindowsException'> (0x00000000ed8c40a8) thrown at [C:\re\workspace\8-2-build-windows-amd64-cygwin\jdk8u231\13620\hotspot\src\share\vm\prims\jni.cpp, line 710]
Event: 151.006 Thread 0x000000001f436800 Exception <a 'sun/nio/fs/WindowsException'> (0x00000000ed8c5fa0) thrown at [C:\re\workspace\8-2-build-windows-amd64-cygwin\jdk8u231\13620\hotspot\src\share\vm\prims\jni.cpp, line 710]
Event: 151.007 Thread 0x000000001f436800 Exception <a 'sun/nio/fs/WindowsException'> (0x00000000ed8c7e98) thrown at [C:\re\workspace\8-2-build-windows-amd64-cygwin\jdk8u231\13620\hotspot\src\share\vm\prims\jni.cpp, line 710]
Event: 151.007 Thread 0x000000001f436800 Exception <a 'sun/nio/fs/WindowsException'> (0x00000000ed8c9da0) thrown at [C:\re\workspace\8-2-build-windows-amd64-cygwin\jdk8u231\13620\hotspot\src\share\vm\prims\jni.cpp, line 710]

Events (10 events):
Event: 151.007 Thread 0x000000001f436800 DEOPT PACKING pc=0x0000000003b35b1c sp=0x00000000210abe00
Event: 151.007 Thread 0x000000001f436800 DEOPT UNPACKING pc=0x0000000003117890 sp=0x00000000210abb50 mode 1
Event: 151.007 Thread 0x000000001f436800 DEOPT PACKING pc=0x0000000003aeedb4 sp=0x00000000210abe90
Event: 151.007 Thread 0x000000001f436800 DEOPT UNPACKING pc=0x0000000003117890 sp=0x00000000210abcb0 mode 1
Event: 151.007 Thread 0x000000001f436800 DEOPT PACKING pc=0x0000000003b36c5d sp=0x00000000210abe90
Event: 151.007 Thread 0x000000001f436800 DEOPT UNPACKING pc=0x0000000003117890 sp=0x00000000210abbc0 mode 1
Event: 151.007 Thread 0x000000001f436800 DEOPT PACKING pc=0x0000000003b368f4 sp=0x00000000210abf00
Event: 151.007 Thread 0x000000001f436800 DEOPT UNPACKING pc=0x0000000003117890 sp=0x00000000210abc40 mode 1
Event: 151.007 Thread 0x000000001f436800 DEOPT PACKING pc=0x0000000003aee434 sp=0x00000000210ac010
Event: 151.007 Thread 0x000000001f436800 DEOPT UNPACKING pc=0x0000000003117890 sp=0x00000000210abd70 mode 1


Dynamic libraries:
0x00007ff6687d0000 - 0x00007ff668807000 	C:\Program Files\Java\jdk1.8.0_231\bin\java.exe
0x00007ffa5c3c0000 - 0x00007ffa5c5b0000 	C:\windows\SYSTEM32\ntdll.dll
0x00007ffa5c0c0000 - 0x00007ffa5c172000 	C:\windows\System32\KERNEL32.DLL
0x00007ffa59350000 - 0x00007ffa595f3000 	C:\windows\System32\KERNELBASE.dll
0x00007ffa5be80000 - 0x00007ffa5bf23000 	C:\windows\System32\ADVAPI32.dll
0x00007ffa5c2e0000 - 0x00007ffa5c37e000 	C:\windows\System32\msvcrt.dll
0x00007ffa5a5c0000 - 0x00007ffa5a657000 	C:\windows\System32\sechost.dll
0x00007ffa5abb0000 - 0x00007ffa5acd0000 	C:\windows\System32\RPCRT4.dll
0x00007ffa5ba00000 - 0x00007ffa5bb93000 	C:\windows\System32\USER32.dll
0x00007ffa59600000 - 0x00007ffa59621000 	C:\windows\System32\win32u.dll
0x00007ffa5b560000 - 0x00007ffa5b586000 	C:\windows\System32\GDI32.dll
0x00007ffa5a030000 - 0x00007ffa5a1c4000 	C:\windows\System32\gdi32full.dll
0x00007ffa59e90000 - 0x00007ffa59f2e000 	C:\windows\System32\msvcp_win.dll
0x00007ffa5a380000 - 0x00007ffa5a47a000 	C:\windows\System32\ucrtbase.dll
0x00007ffa3fd80000 - 0x00007ffa40005000 	C:\windows\WinSxS\amd64_microsoft.windows.common-controls_6595b64144ccf1df_6.0.18362.175_none_e6c3ab1f131014c9\COMCTL32.dll
0x00007ffa5a870000 - 0x00007ffa5aba6000 	C:\windows\System32\combase.dll
0x00007ffa59db0000 - 0x00007ffa59e31000 	C:\windows\System32\bcryptPrimitives.dll
0x00007ffa5c090000 - 0x00007ffa5c0be000 	C:\windows\System32\IMM32.DLL
0x0000000054490000 - 0x0000000054562000 	C:\Program Files\Java\jdk1.8.0_231\jre\bin\msvcr100.dll
0x0000000053be0000 - 0x0000000054486000 	C:\Program Files\Java\jdk1.8.0_231\jre\bin\server\jvm.dll
0x00007ffa5bd50000 - 0x00007ffa5bd58000 	C:\windows\System32\PSAPI.DLL
0x00007ffa3db40000 - 0x00007ffa3db4a000 	C:\windows\SYSTEM32\VERSION.dll
0x00007ffa476b0000 - 0x00007ffa476d4000 	C:\windows\SYSTEM32\WINMM.dll
0x00007ffa50560000 - 0x00007ffa50569000 	C:\windows\SYSTEM32\WSOCK32.dll
0x00007ffa5be10000 - 0x00007ffa5be7f000 	C:\windows\System32\WS2_32.dll
0x00007ffa47680000 - 0x00007ffa476ad000 	C:\windows\SYSTEM32\winmmbase.dll
0x00007ffa59fe0000 - 0x00007ffa5a02a000 	C:\windows\System32\cfgmgr32.dll
0x00007ffa4bda0000 - 0x00007ffa4bdaf000 	C:\Program Files\Java\jdk1.8.0_231\jre\bin\verify.dll
0x00007ffa443b0000 - 0x00007ffa443d9000 	C:\Program Files\Java\jdk1.8.0_231\jre\bin\java.dll
0x00007ffa49c00000 - 0x00007ffa49c35000 	C:\Program Files\Java\jdk1.8.0_231\jre\bin\jdwp.dll
0x00007ffa53f30000 - 0x00007ffa53f38000 	C:\Program Files\Java\jdk1.8.0_231\jre\bin\npt.dll
0x00007ffa49050000 - 0x00007ffa49073000 	C:\Program Files\Java\jdk1.8.0_231\jre\bin\instrument.dll
0x00007ffa42d70000 - 0x00007ffa42d86000 	C:\Program Files\Java\jdk1.8.0_231\jre\bin\zip.dll
0x00007ffa5acd0000 - 0x00007ffa5b3b0000 	C:\windows\System32\SHELL32.dll
0x00007ffa5bd60000 - 0x00007ffa5be09000 	C:\windows\System32\shcore.dll
0x00007ffa59630000 - 0x00007ffa59dab000 	C:\windows\System32\windows.storage.dll
0x00007ffa59310000 - 0x00007ffa5932f000 	C:\windows\System32\profapi.dll
0x00007ffa592c0000 - 0x00007ffa5930a000 	C:\windows\System32\powrprof.dll
0x00007ffa59290000 - 0x00007ffa592a0000 	C:\windows\System32\UMPDC.dll
0x00007ffa5a560000 - 0x00007ffa5a5b2000 	C:\windows\System32\shlwapi.dll
0x00007ffa592a0000 - 0x00007ffa592b1000 	C:\windows\System32\kernel.appcore.dll
0x00007ffa59e70000 - 0x00007ffa59e87000 	C:\windows\System32\cryptsp.dll
0x00007ffa50380000 - 0x00007ffa50389000 	C:\Program Files\Java\jdk1.8.0_231\jre\bin\dt_socket.dll
0x00007ffa58aa0000 - 0x00007ffa58b07000 	C:\windows\system32\mswsock.dll
0x00007ffa42c40000 - 0x00007ffa42c5a000 	C:\Program Files\Java\jdk1.8.0_231\jre\bin\net.dll
0x00007ffa58840000 - 0x00007ffa5890a000 	C:\windows\SYSTEM32\DNSAPI.dll
0x00007ffa5a550000 - 0x00007ffa5a558000 	C:\windows\System32\NSI.dll
0x00007ffa58800000 - 0x00007ffa5883a000 	C:\windows\SYSTEM32\IPHLPAPI.DLL
0x00007ffa50650000 - 0x00007ffa5065a000 	C:\Windows\System32\rasadhlp.dll
0x00007ffa51620000 - 0x00007ffa51697000 	C:\windows\System32\fwpuclnt.dll
0x00007ffa59e40000 - 0x00007ffa59e66000 	C:\windows\System32\bcrypt.dll
0x00007ffa4bd90000 - 0x00007ffa4bd9d000 	C:\Program Files\Java\jdk1.8.0_231\jre\bin\management.dll
0x00007ffa3fb90000 - 0x00007ffa3fba2000 	C:\Program Files\Java\jdk1.8.0_231\jre\bin\nio.dll
0x00007ffa58660000 - 0x00007ffa58693000 	C:\windows\system32\rsaenh.dll
0x00007ffa591b0000 - 0x00007ffa591d5000 	C:\windows\SYSTEM32\USERENV.dll
0x00007ffa58c70000 - 0x00007ffa58c7c000 	C:\windows\SYSTEM32\CRYPTBASE.dll
0x00007ffa516c0000 - 0x00007ffa516d6000 	C:\windows\SYSTEM32\dhcpcsvc6.DLL
0x00007ffa516a0000 - 0x00007ffa516bc000 	C:\windows\SYSTEM32\dhcpcsvc.DLL
0x00007ffa51190000 - 0x00007ffa511a6000 	C:\windows\system32\napinsp.dll
0x00007ffa505c0000 - 0x00007ffa505da000 	C:\windows\system32\pnrpnsp.dll
0x00007ffa51d20000 - 0x00007ffa51d2e000 	C:\windows\System32\winrnr.dll
0x00007ffa53e00000 - 0x00007ffa53e1c000 	C:\windows\system32\NLAapi.dll
0x00007ffa51c90000 - 0x00007ffa51ca5000 	C:\windows\system32\wshbth.dll
0x0000000001000000 - 0x0000000001003000 	C:\Users\caijiacheng\.javacpp\cache\javacpp-1.5.4-windows-x86_64.jar\org\bytedeco\javacpp\windows-x86_64\api-ms-win-crt-locale-l1-1-0.dll
0x0000000001010000 - 0x0000000001014000 	C:\Users\caijiacheng\.javacpp\cache\javacpp-1.5.4-windows-x86_64.jar\org\bytedeco\javacpp\windows-x86_64\api-ms-win-crt-string-l1-1-0.dll
0x0000000001020000 - 0x0000000001024000 	C:\Users\caijiacheng\.javacpp\cache\javacpp-1.5.4-windows-x86_64.jar\org\bytedeco\javacpp\windows-x86_64\api-ms-win-crt-stdio-l1-1-0.dll
0x0000000001030000 - 0x0000000001035000 	C:\Users\caijiacheng\.javacpp\cache\javacpp-1.5.4-windows-x86_64.jar\org\bytedeco\javacpp\windows-x86_64\api-ms-win-crt-math-l1-1-0.dll
0x0000000001040000 - 0x0000000001043000 	C:\Users\caijiacheng\.javacpp\cache\javacpp-1.5.4-windows-x86_64.jar\org\bytedeco\javacpp\windows-x86_64\api-ms-win-crt-heap-l1-1-0.dll
0x0000000001050000 - 0x0000000001054000 	C:\Users\caijiacheng\.javacpp\cache\javacpp-1.5.4-windows-x86_64.jar\org\bytedeco\javacpp\windows-x86_64\api-ms-win-crt-runtime-l1-1-0.dll
0x0000000001060000 - 0x0000000001064000 	C:\Users\caijiacheng\.javacpp\cache\javacpp-1.5.4-windows-x86_64.jar\org\bytedeco\javacpp\windows-x86_64\api-ms-win-crt-convert-l1-1-0.dll
0x0000000001070000 - 0x0000000001073000 	C:\Users\caijiacheng\.javacpp\cache\javacpp-1.5.4-windows-x86_64.jar\org\bytedeco\javacpp\windows-x86_64\api-ms-win-crt-environment-l1-1-0.dll
0x0000000001080000 - 0x0000000001083000 	C:\Users\caijiacheng\.javacpp\cache\javacpp-1.5.4-windows-x86_64.jar\org\bytedeco\javacpp\windows-x86_64\api-ms-win-crt-time-l1-1-0.dll
0x0000000001090000 - 0x0000000001093000 	C:\Users\caijiacheng\.javacpp\cache\javacpp-1.5.4-windows-x86_64.jar\org\bytedeco\javacpp\windows-x86_64\api-ms-win-crt-filesystem-l1-1-0.dll
0x00000000010a0000 - 0x00000000010a3000 	C:\Users\caijiacheng\.javacpp\cache\javacpp-1.5.4-windows-x86_64.jar\org\bytedeco\javacpp\windows-x86_64\api-ms-win-crt-utility-l1-1-0.dll
0x00000000010b0000 - 0x00000000010b5000 	C:\Users\caijiacheng\.javacpp\cache\javacpp-1.5.4-windows-x86_64.jar\org\bytedeco\javacpp\windows-x86_64\api-ms-win-crt-multibyte-l1-1-0.dll
0x00000000010c0000 - 0x00000000010c3000 	C:\Users\caijiacheng\.javacpp\cache\javacpp-1.5.4-windows-x86_64.jar\org\bytedeco\javacpp\windows-x86_64\api-ms-win-core-string-l1-1-0.dll
0x00000000010d0000 - 0x00000000010d3000 	C:\Users\caijiacheng\.javacpp\cache\javacpp-1.5.4-windows-x86_64.jar\org\bytedeco\javacpp\windows-x86_64\api-ms-win-core-errorhandling-l1-1-0.dll
0x00000000010e0000 - 0x00000000010e3000 	C:\Users\caijiacheng\.javacpp\cache\javacpp-1.5.4-windows-x86_64.jar\org\bytedeco\javacpp\windows-x86_64\api-ms-win-core-timezone-l1-1-0.dll
0x00000000010f0000 - 0x00000000010f4000 	C:\Users\caijiacheng\.javacpp\cache\javacpp-1.5.4-windows-x86_64.jar\org\bytedeco\javacpp\windows-x86_64\api-ms-win-core-file-l1-1-0.dll
0x0000000002fb0000 - 0x0000000002fb3000 	C:\Users\caijiacheng\.javacpp\cache\javacpp-1.5.4-windows-x86_64.jar\org\bytedeco\javacpp\windows-x86_64\api-ms-win-core-namedpipe-l1-1-0.dll
0x000000001c750000 - 0x000000001c753000 	C:\Users\caijiacheng\.javacpp\cache\javacpp-1.5.4-windows-x86_64.jar\org\bytedeco\javacpp\windows-x86_64\api-ms-win-core-handle-l1-1-0.dll
0x000000001cd10000 - 0x000000001cd13000 	C:\Users\caijiacheng\.javacpp\cache\javacpp-1.5.4-windows-x86_64.jar\org\bytedeco\javacpp\windows-x86_64\api-ms-win-core-file-l2-1-0.dll
0x000000001cd20000 - 0x000000001cd23000 	C:\Users\caijiacheng\.javacpp\cache\javacpp-1.5.4-windows-x86_64.jar\org\bytedeco\javacpp\windows-x86_64\api-ms-win-core-heap-l1-1-0.dll
0x000000001cd30000 - 0x000000001cd33000 	C:\Users\caijiacheng\.javacpp\cache\javacpp-1.5.4-windows-x86_64.jar\org\bytedeco\javacpp\windows-x86_64\api-ms-win-core-libraryloader-l1-1-0.dll
0x000000001cd40000 - 0x000000001cd43000 	C:\Users\caijiacheng\.javacpp\cache\javacpp-1.5.4-windows-x86_64.jar\org\bytedeco\javacpp\windows-x86_64\api-ms-win-core-synch-l1-1-0.dll
0x000000001cd50000 - 0x000000001cd53000 	C:\Users\caijiacheng\.javacpp\cache\javacpp-1.5.4-windows-x86_64.jar\org\bytedeco\javacpp\windows-x86_64\api-ms-win-core-processthreads-l1-1-0.dll
0x000000001cd60000 - 0x000000001cd63000 	C:\Users\caijiacheng\.javacpp\cache\javacpp-1.5.4-windows-x86_64.jar\org\bytedeco\javacpp\windows-x86_64\api-ms-win-core-processenvironment-l1-1-0.dll
0x000000001cd70000 - 0x000000001cd73000 	C:\Users\caijiacheng\.javacpp\cache\javacpp-1.5.4-windows-x86_64.jar\org\bytedeco\javacpp\windows-x86_64\api-ms-win-core-datetime-l1-1-0.dll
0x000000001cd80000 - 0x000000001cd83000 	C:\Users\caijiacheng\.javacpp\cache\javacpp-1.5.4-windows-x86_64.jar\org\bytedeco\javacpp\windows-x86_64\api-ms-win-core-localization-l1-2-0.dll
0x000000001cd90000 - 0x000000001cd93000 	C:\Users\caijiacheng\.javacpp\cache\javacpp-1.5.4-windows-x86_64.jar\org\bytedeco\javacpp\windows-x86_64\api-ms-win-core-sysinfo-l1-1-0.dll
0x000000001cda0000 - 0x000000001cda3000 	C:\Users\caijiacheng\.javacpp\cache\javacpp-1.5.4-windows-x86_64.jar\org\bytedeco\javacpp\windows-x86_64\api-ms-win-core-synch-l1-2-0.dll
0x000000001cdb0000 - 0x000000001cdb3000 	C:\Users\caijiacheng\.javacpp\cache\javacpp-1.5.4-windows-x86_64.jar\org\bytedeco\javacpp\windows-x86_64\api-ms-win-core-console-l1-1-0.dll
0x000000001cdc0000 - 0x000000001cdc3000 	C:\Users\caijiacheng\.javacpp\cache\javacpp-1.5.4-windows-x86_64.jar\org\bytedeco\javacpp\windows-x86_64\api-ms-win-core-debug-l1-1-0.dll
0x000000001cdd0000 - 0x000000001cdd3000 	C:\Users\caijiacheng\.javacpp\cache\javacpp-1.5.4-windows-x86_64.jar\org\bytedeco\javacpp\windows-x86_64\api-ms-win-core-rtlsupport-l1-1-0.dll
0x000000001cde0000 - 0x000000001cde3000 	C:\Users\caijiacheng\.javacpp\cache\javacpp-1.5.4-windows-x86_64.jar\org\bytedeco\javacpp\windows-x86_64\api-ms-win-core-processthreads-l1-1-1.dll
0x000000001cdf0000 - 0x000000001cdf3000 	C:\Users\caijiacheng\.javacpp\cache\javacpp-1.5.4-windows-x86_64.jar\org\bytedeco\javacpp\windows-x86_64\api-ms-win-core-file-l1-2-0.dll
0x000000001ce00000 - 0x000000001ce03000 	C:\Users\caijiacheng\.javacpp\cache\javacpp-1.5.4-windows-x86_64.jar\org\bytedeco\javacpp\windows-x86_64\api-ms-win-core-profile-l1-1-0.dll
0x00000000217b0000 - 0x00000000217b3000 	C:\Users\caijiacheng\.javacpp\cache\javacpp-1.5.4-windows-x86_64.jar\org\bytedeco\javacpp\windows-x86_64\api-ms-win-core-memory-l1-1-0.dll
0x00000000217c0000 - 0x00000000217c3000 	C:\Users\caijiacheng\.javacpp\cache\javacpp-1.5.4-windows-x86_64.jar\org\bytedeco\javacpp\windows-x86_64\api-ms-win-core-util-l1-1-0.dll
0x00000000217d0000 - 0x00000000217d3000 	C:\Users\caijiacheng\.javacpp\cache\javacpp-1.5.4-windows-x86_64.jar\org\bytedeco\javacpp\windows-x86_64\api-ms-win-core-interlocked-l1-1-0.dll
0x00007ffa2b1b0000 - 0x00007ffa2b2aa000 	C:\Users\caijiacheng\.javacpp\cache\javacpp-1.5.4-windows-x86_64.jar\org\bytedeco\javacpp\windows-x86_64\ucrtbase.dll
0x00007ffa4bf30000 - 0x00007ffa4bf45000 	C:\Users\caijiacheng\.javacpp\cache\javacpp-1.5.4-windows-x86_64.jar\org\bytedeco\javacpp\windows-x86_64\vcruntime140.dll
0x00007ffa4af70000 - 0x00007ffa4af7c000 	C:\Users\caijiacheng\.javacpp\cache\javacpp-1.5.4-windows-x86_64.jar\org\bytedeco\javacpp\windows-x86_64\vcruntime140_1.dll
0x00007ffa49080000 - 0x00007ffa4911b000 	C:\Users\caijiacheng\.javacpp\cache\javacpp-1.5.4-windows-x86_64.jar\org\bytedeco\javacpp\windows-x86_64\msvcp140.dll
0x00007ffa4af60000 - 0x00007ffa4af69000 	C:\Users\caijiacheng\.javacpp\cache\javacpp-1.5.4-windows-x86_64.jar\org\bytedeco\javacpp\windows-x86_64\msvcp140_1.dll
0x00007ffa32eb0000 - 0x00007ffa32f01000 	C:\Users\caijiacheng\.javacpp\cache\javacpp-1.5.4-windows-x86_64.jar\org\bytedeco\javacpp\windows-x86_64\concrt140.dll
0x00007ffa32e80000 - 0x00007ffa32ea7000 	C:\Users\caijiacheng\.javacpp\cache\javacpp-1.5.4-windows-x86_64.jar\org\bytedeco\javacpp\windows-x86_64\vcomp140.dll
0x00007ffa4af10000 - 0x00007ffa4af1e000 	C:\Users\caijiacheng\.javacpp\cache\javacpp-1.5.4-windows-x86_64.jar\org\bytedeco\javacpp\windows-x86_64\jnijavacpp.dll
0x00007ffa22e90000 - 0x00007ffa2318c000 	C:\Users\caijiacheng\.javacpp\cache\ffmpeg-4.3.1-1.5.4-windows-x86_64.jar\org\bytedeco\ffmpeg\windows-x86_64\avutil-56.dll
0x000000006fe00000 - 0x000000006ff10000 	C:\Users\caijiacheng\.javacpp\cache\ffmpeg-4.3.1-1.5.4-windows-x86_64.jar\org\bytedeco\ffmpeg\windows-x86_64\jniavutil.dll
0x00007ffa32d10000 - 0x00007ffa32d37000 	C:\Users\caijiacheng\.javacpp\cache\ffmpeg-4.3.1-1.5.4-windows-x86_64.jar\org\bytedeco\ffmpeg\windows-x86_64\swresample-3.dll
0x0000000070080000 - 0x00000000700ae000 	C:\Users\caijiacheng\.javacpp\cache\ffmpeg-4.3.1-1.5.4-windows-x86_64.jar\org\bytedeco\ffmpeg\windows-x86_64\jniswresample.dll
0x00007ff9e03d0000 - 0x00007ff9e360a000 	C:\Users\caijiacheng\.javacpp\cache\ffmpeg-4.3.1-1.5.4-windows-x86_64.jar\org\bytedeco\ffmpeg\windows-x86_64\avcodec-58.dll
0x00007ffa5bf30000 - 0x00007ffa5c086000 	C:\windows\System32\ole32.dll
0x00007ffa50920000 - 0x00007ffa50b1a000 	C:\windows\SYSTEM32\MFPlat.DLL
0x00007ffa50710000 - 0x00007ffa5073f000 	C:\windows\SYSTEM32\RTWorkQ.DLL
0x000000006a1c0000 - 0x000000006a2ab000 	C:\Users\caijiacheng\.javacpp\cache\ffmpeg-4.3.1-1.5.4-windows-x86_64.jar\org\bytedeco\ffmpeg\windows-x86_64\jniavcodec.dll
0x00007ffa1ebb0000 - 0x00007ffa1f0fe000 	C:\Users\caijiacheng\.javacpp\cache\ffmpeg-4.3.1-1.5.4-windows-x86_64.jar\org\bytedeco\ffmpeg\windows-x86_64\avformat-58.dll
0x00007ffa5a230000 - 0x00007ffa5a379000 	C:\windows\System32\CRYPT32.dll
0x00007ffa59330000 - 0x00007ffa59342000 	C:\windows\System32\MSASN1.dll
0x000000006abc0000 - 0x000000006ac84000 	C:\Users\caijiacheng\.javacpp\cache\ffmpeg-4.3.1-1.5.4-windows-x86_64.jar\org\bytedeco\ffmpeg\windows-x86_64\jniavformat.dll
0x00007ffa2ac60000 - 0x00007ffa2acf9000 	C:\Users\caijiacheng\.javacpp\cache\ffmpeg-4.3.1-1.5.4-windows-x86_64.jar\org\bytedeco\ffmpeg\windows-x86_64\swscale-5.dll
0x0000000067cc0000 - 0x0000000067cf3000 	C:\Users\caijiacheng\.javacpp\cache\ffmpeg-4.3.1-1.5.4-windows-x86_64.jar\org\bytedeco\ffmpeg\windows-x86_64\jniswscale.dll
0x00007ffa32ce0000 - 0x00007ffa32d0a000 	C:\Users\caijiacheng\.javacpp\cache\ffmpeg-4.3.1-1.5.4-windows-x86_64.jar\org\bytedeco\ffmpeg\windows-x86_64\postproc-55.dll
0x000000006a0c0000 - 0x000000006a0ed000 	C:\Users\caijiacheng\.javacpp\cache\ffmpeg-4.3.1-1.5.4-windows-x86_64.jar\org\bytedeco\ffmpeg\windows-x86_64\jnipostproc.dll
0x00007ffa1e2d0000 - 0x00007ffa1e72f000 	C:\Users\caijiacheng\.javacpp\cache\ffmpeg-4.3.1-1.5.4-windows-x86_64.jar\org\bytedeco\ffmpeg\windows-x86_64\avfilter-7.dll
0x0000000064400000 - 0x0000000064459000 	C:\Users\caijiacheng\.javacpp\cache\ffmpeg-4.3.1-1.5.4-windows-x86_64.jar\org\bytedeco\ffmpeg\windows-x86_64\jniavfilter.dll
0x00007ffa32cb0000 - 0x00007ffa32cdc000 	C:\Users\caijiacheng\.javacpp\cache\ffmpeg-4.3.1-1.5.4-windows-x86_64.jar\org\bytedeco\ffmpeg\windows-x86_64\avdevice-58.dll

VM Arguments:
jvm_args: -agentlib:jdwp=transport=dt_socket,address=127.0.0.1:49893,suspend=y,server=n -XX:TieredStopAtLevel=1 -Xverify:none -Dspring.output.ansi.enabled=always -Dcom.sun.management.jmxremote -Dspring.jmx.enabled=true -Dspring.liveBeansView.mbeanDomain -Dspring.application.admin.enabled=true -javaagent:D:\develop\editTool\idea\apps\IDEA-U\ch-0\193.5233.102\plugins\java\lib\rt\debugger-agent.jar -Dfile.encoding=UTF-8 
java_command: cn.mrxccc.easycv.EasyCVApplication
java_class_path (initial): C:\Users\caijiacheng\AppData\Local\Temp\classpath2098506433.jar;D:\develop\editTool\idea\apps\IDEA-U\ch-0\193.5233.102\plugins\java\lib\rt\debugger-agent.jar
Launcher Type: SUN_STANDARD

Environment Variables:
PATH=C:\ProgramData\Anaconda3;C:\ProgramData\Anaconda3\Library\mingw-w64\bin;C:\ProgramData\Anaconda3\Library\usr\bin;C:\ProgramData\Anaconda3\Library\bin;C:\ProgramData\Anaconda3\Scripts;C:\python\python37\Scripts\;C:\python\python37\;C:\Program Files\Java\jdk1.8.0_231\bin;C:\windows\system32;C:\windows;C:\windows\System32\Wbem;C:\windows\System32\WindowsPowerShell\v1.0\;C:\windows\System32\OpenSSH\;D:\software\devTool\gitBash\Git\cmd;D:\software\devTool\apache-maven-3.6.3\bin;C:\Program Files (x86)\Bitvise SSH Client;C:\Program Files (x86)\Common Files\Oracle\Java\javapath;D:\software\devTool\node\;D:\software\devTool\node\node_global;C:\ProgramData\chocolatey\bin;D:\software\Vagrant\bin;D:\software\sonar-scanner-4.5.0.2216-windows\bin;D:\software\ffmpeg\ffmpeg-N-100405-gbf4b9e933f-win64-gpl-shared\bin;D:\software\jd_seckill_windows_amd64;D:\software\jd_seckill_windows_amd64;D:\software\VirtualMachine\algo-pk\algo-pk3\algo-pk3\qemu-img-win-x64-2_3_0;C:\Programs\Python\Python38\Scripts\;C:\Programs\Python\Python38\;C:\Users\caijiacheng\AppData\Local\Microsoft\WindowsApps;C:\Program Files\JetBrains\PyCharm Community Edition 2019.3.1\bin;C:\Users\caijiacheng\AppData\Roaming\npm;D:\software\devTool\Microsoft VS Code\bin
USERNAME=caijiacheng
OS=Windows_NT
PROCESSOR_IDENTIFIER=Intel64 Family 6 Model 142 Stepping 11, GenuineIntel



---------------  S Y S T E M  ---------------

OS: Windows 10.0 , 64 bit Build 18362 (10.0.18362.86)

CPU:total 8 (initial active 8) (4 cores per cpu, 2 threads per core) family 6 model 142 stepping 11, cmov, cx8, fxsr, mmx, sse, sse2, sse3, ssse3, sse4.1, sse4.2, popcnt, avx, avx2, aes, clmul, erms, 3dnowpref, lzcnt, ht, tsc, tscinvbit, bmi1, bmi2, adx

Memory: 4k page, physical 8193756k(800840k free), swap 20993752k(1414028k free)

vm_info: Java HotSpot(TM) 64-Bit Server VM (25.231-b11) for windows-amd64 JRE (1.8.0_231-b11), built on Oct  5 2019 03:11:30 by "java_re" with MS VC++ 10.0 (VS2010)

time: Tue May 25 18:44:59 2021
timezone: 
elapsed time: 151 seconds (0d 0h 2m 31s)

