#
# A fatal error has been detected by the Java Runtime Environment:
#
#  EXCEPTION_ACCESS_VIOLATION (0xc0000005) at pc=0x00007ff9f3e87220, pid=21448, tid=0x0000000000005108
#
# JRE version: Java(TM) SE Runtime Environment (8.0_231-b11) (build 1.8.0_231-b11)
# Java VM: Java HotSpot(TM) 64-Bit Server VM (25.231-b11 mixed mode windows-amd64 compressed oops)
# Problematic frame:
# C  [avcodec-58.dll+0x4b7220]
#
# Failed to write core dump. Minidumps are not enabled by default on client versions of Windows
#
# If you would like to submit a bug report, please visit:
#   http://bugreport.java.com/bugreport/crash.jsp
# The crash happened outside the Java Virtual Machine in native code.
# See problematic frame for where to report the bug.
#

---------------  T H R E A D  ---------------

Current thread (0x000000001fcb7000):  JavaThread "http-nio-9500-exec-3" daemon [_thread_in_native, id=20744, stack(0x0000000021860000,0x0000000021960000)]

siginfo: ExceptionCode=0xc0000005, reading address 0x0000000000000018

Registers:
RAX=0x0000000000000000, RBX=0x000000001d6a91e8, RCX=0x0000000000000000, RDX=0x000000001d6a91e8
RSP=0x000000002195c580, RBP=0x000000002195c8e8, RSI=0x000000001d6a8d80, RDI=0x000000001d6a91e8
R8 =0x00007ff9f5ddd410, R9 =0x000000002195c1c4, R10=0x00007ffa5c375940, R11=0x000000001d69b022
R12=0x000000002195c670, R13=0x00000000230893d8, R14=0x000000002195c9c8, R15=0x000000001fcb7000
RIP=0x00007ff9f3e87220, EFLAGS=0x0000000000010202

Top of Stack: (sp=0x000000002195c580)
0x000000002195c580:   000000002195c8e8 00007ff9f3e8856d
0x000000002195c590:   00000000230893d8 000000002195c9c8
0x000000002195c5a0:   0000000000001458 000000001d6a91e8
0x000000002195c5b0:   0000000000000001 00007ff9f3e8e18e
0x000000002195c5c0:   00007ff9f5e28120 00007ff9f5debd98
0x000000002195c5d0:   0000000000000000 000000002195c670
0x000000002195c5e0:   000000001d6a8d80 000000001d6a8900
0x000000002195c5f0:   00000000ffffffea 00007ff9f5ddd42e
0x000000002195c600:   00007ff9f5e28120 0000000000000000
0x000000002195c610:   0000000000000009 000000002195c670
0x000000002195c620:   000000001d6a8900 00007ff9f5e28120
0x000000002195c630:   00000000ffffffea 00007ff9f402910a
0x000000002195c640:   0000000000000000 0000000000000000
0x000000002195c650:   0000000100000000 00007ffa23bb17cf
0x000000002195c660:   0000000000000000 000000001d6a8900
0x000000002195c670:   0000000000000000 000000001d69f840 

Instructions: (pc=0x00007ff9f3e87220)
0x00007ff9f3e87200:   5c b5 4c 00 e9 16 ff ff ff 0f 1f 80 00 00 00 00
0x00007ff9f3e87210:   57 53 48 83 ec 28 48 8b 02 48 89 d7 48 89 42 08
0x00007ff9f3e87220:   8b 51 18 44 8d 82 6a ff ff ff 41 83 f8 01 76 0c
0x00007ff9f3e87230:   81 fa a6 00 00 00 0f 85 d4 00 00 00 48 85 c0 74 


Register to memory mapping:

RAX=0x0000000000000000 is an unknown value
RBX=0x000000001d6a91e8 is an unknown value
RCX=0x0000000000000000 is an unknown value
RDX=0x000000001d6a91e8 is an unknown value
RSP=0x000000002195c580 is pointing into the stack for thread: 0x000000001fcb7000
RBP=0x000000002195c8e8 is pointing into the stack for thread: 0x000000001fcb7000
RSI=0x000000001d6a8d80 is an unknown value
RDI=0x000000001d6a91e8 is an unknown value
R8 =0x00007ff9f5ddd410 is an unknown value
R9 =0x000000002195c1c4 is pointing into the stack for thread: 0x000000001fcb7000
R10=0x00007ffa5c375940 is an unknown value
R11=0x000000001d69b022 is an unknown value
R12=0x000000002195c670 is pointing into the stack for thread: 0x000000001fcb7000
R13=0x00000000230893d8 is pointing into metadata
R14=0x000000002195c9c8 is pointing into the stack for thread: 0x000000001fcb7000
R15=0x000000001fcb7000 is a thread


Stack: [0x0000000021860000,0x0000000021960000],  sp=0x000000002195c580,  free space=1009k
Native frames: (J=compiled Java code, j=interpreted, Vv=VM code, C=native code)
C  [avcodec-58.dll+0x4b7220]
C  [avcodec-58.dll+0x4be18e]
C  [avcodec-58.dll+0x240d42e]
C  [avcodec-58.dll+0x65910a]
C  [jniavcodec.dll+0x4a200]
C  0x00000000038e1df0

Java frames: (J=compiled Java code, j=interpreted, Vv=VM code)
j  org.bytedeco.ffmpeg.global.avcodec.avcodec_open2(Lorg/bytedeco/ffmpeg/avcodec/AVCodecContext;Lorg/bytedeco/ffmpeg/avcodec/AVCodec;Lorg/bytedeco/ffmpeg/avutil/AVDictionary;)I+0
j  org.bytedeco.javacv.FFmpegFrameRecorder.startUnsafe()V+2875
j  org.bytedeco.javacv.FFmpegFrameRecorder.start()V+6
j  cn.mrxccc.easycv.recorder.ImageRecord.to(Ljava/lang/String;)Lcn/mrxccc/easycv/recorder/Recorder;+159
j  cn.mrxccc.easycv.manager.ImgRecordTasksManager.createRecorder(Ljava/lang/String;Ljava/lang/String;Ljava/lang/Integer;)Lcn/mrxccc/easycv/recorder/ImageRecord;+99
j  cn.mrxccc.easycv.serivce.impl.ImgRecordTaskServiceImpl.startImgRecordTask(Ljava/lang/Integer;)Z+68
j  cn.mrxccc.easycv.serivce.impl.ImgRecordTaskServiceImpl$$FastClassBySpringCGLIB$$b4e5248d.invoke(ILjava/lang/Object;[Ljava/lang/Object;)Ljava/lang/Object;+182
j  org.springframework.cglib.proxy.MethodProxy.invoke(Ljava/lang/Object;[Ljava/lang/Object;)Ljava/lang/Object;+19
j  org.springframework.aop.framework.CglibAopProxy$DynamicAdvisedInterceptor.intercept(Ljava/lang/Object;Ljava/lang/reflect/Method;[Ljava/lang/Object;Lorg/springframework/cglib/proxy/MethodProxy;)Ljava/lang/Object;+107
j  cn.mrxccc.easycv.serivce.impl.ImgRecordTaskServiceImpl$$EnhancerBySpringCGLIB$$524b4712.startImgRecordTask(Ljava/lang/Integer;)Z+36
j  cn.mrxccc.easycv.controller.ImageRecordController.startImgRecordTask(Ljava/lang/Integer;)Lcn/mrxccc/easycv/dto/ResponseResult;+13
v  ~StubRoutines::call_stub
J 1883  sun.reflect.NativeMethodAccessorImpl.invoke0(Ljava/lang/reflect/Method;Ljava/lang/Object;[Ljava/lang/Object;)Ljava/lang/Object; (0 bytes) @ 0x0000000003cc8f7f [0x0000000003cc8f00+0x7f]
J 1882 C1 sun.reflect.NativeMethodAccessorImpl.invoke(Ljava/lang/Object;[Ljava/lang/Object;)Ljava/lang/Object; (104 bytes) @ 0x0000000003cc9e14 [0x0000000003cc9a60+0x3b4]
J 1833 C1 sun.reflect.DelegatingMethodAccessorImpl.invoke(Ljava/lang/Object;[Ljava/lang/Object;)Ljava/lang/Object; (10 bytes) @ 0x0000000003cb0f7c [0x0000000003cb0f20+0x5c]
J 1832 C1 java.lang.reflect.Method.invoke(Ljava/lang/Object;[Ljava/lang/Object;)Ljava/lang/Object; (62 bytes) @ 0x0000000003cb0b4c [0x0000000003cb0a20+0x12c]
j  org.springframework.web.method.support.InvocableHandlerMethod.doInvoke([Ljava/lang/Object;)Ljava/lang/Object;+16
j  org.springframework.web.method.support.InvocableHandlerMethod.invokeForRequest(Lorg/springframework/web/context/request/NativeWebRequest;Lorg/springframework/web/method/support/ModelAndViewContainer;[Ljava/lang/Object;)Ljava/lang/Object;+56
j  org.springframework.web.servlet.mvc.method.annotation.ServletInvocableHandlerMethod.invokeAndHandle(Lorg/springframework/web/context/request/ServletWebRequest;Lorg/springframework/web/method/support/ModelAndViewContainer;[Ljava/lang/Object;)V+4
j  org.springframework.web.servlet.mvc.method.annotation.RequestMappingHandlerAdapter.invokeHandlerMethod(Ljavax/servlet/http/HttpServletRequest;Ljavax/servlet/http/HttpServletResponse;Lorg/springframework/web/method/HandlerMethod;)Lorg/springframework/web/servlet/ModelAndView;+244
j  org.springframework.web.servlet.mvc.method.annotation.RequestMappingHandlerAdapter.handleInternal(Ljavax/servlet/http/HttpServletRequest;Ljavax/servlet/http/HttpServletResponse;Lorg/springframework/web/method/HandlerMethod;)Lorg/springframework/web/servlet/ModelAndView;+81
j  org.springframework.web.servlet.mvc.method.AbstractHandlerMethodAdapter.handle(Ljavax/servlet/http/HttpServletRequest;Ljavax/servlet/http/HttpServletResponse;Ljava/lang/Object;)Lorg/springframework/web/servlet/ModelAndView;+7
j  org.springframework.web.servlet.DispatcherServlet.doDispatch(Ljavax/servlet/http/HttpServletRequest;Ljavax/servlet/http/HttpServletResponse;)V+257
j  org.springframework.web.servlet.DispatcherServlet.doService(Ljavax/servlet/http/HttpServletRequest;Ljavax/servlet/http/HttpServletResponse;)V+212
j  org.springframework.web.servlet.FrameworkServlet.processRequest(Ljavax/servlet/http/HttpServletRequest;Ljavax/servlet/http/HttpServletResponse;)V+71
j  org.springframework.web.servlet.FrameworkServlet.doPost(Ljavax/servlet/http/HttpServletRequest;Ljavax/servlet/http/HttpServletResponse;)V+3
j  javax.servlet.http.HttpServlet.service(Ljavax/servlet/http/HttpServletRequest;Ljavax/servlet/http/HttpServletResponse;)V+149
j  org.springframework.web.servlet.FrameworkServlet.service(Ljavax/servlet/http/HttpServletRequest;Ljavax/servlet/http/HttpServletResponse;)V+33
j  javax.servlet.http.HttpServlet.service(Ljavax/servlet/ServletRequest;Ljavax/servlet/ServletResponse;)V+36
j  org.apache.catalina.core.ApplicationFilterChain.internalDoFilter(Ljavax/servlet/ServletRequest;Ljavax/servlet/ServletResponse;)V+304
j  org.apache.catalina.core.ApplicationFilterChain.doFilter(Ljavax/servlet/ServletRequest;Ljavax/servlet/ServletResponse;)V+101
j  org.apache.tomcat.websocket.server.WsFilter.doFilter(Ljavax/servlet/ServletRequest;Ljavax/servlet/ServletResponse;Ljavax/servlet/FilterChain;)V+21
j  org.apache.catalina.core.ApplicationFilterChain.internalDoFilter(Ljavax/servlet/ServletRequest;Ljavax/servlet/ServletResponse;)V+135
j  org.apache.catalina.core.ApplicationFilterChain.doFilter(Ljavax/servlet/ServletRequest;Ljavax/servlet/ServletResponse;)V+101
j  org.springframework.web.servlet.resource.ResourceUrlEncodingFilter.doFilter(Ljavax/servlet/ServletRequest;Ljavax/servlet/ServletResponse;Ljavax/servlet/FilterChain;)V+57
j  org.apache.catalina.core.ApplicationFilterChain.internalDoFilter(Ljavax/servlet/ServletRequest;Ljavax/servlet/ServletResponse;)V+135
j  org.apache.catalina.core.ApplicationFilterChain.doFilter(Ljavax/servlet/ServletRequest;Ljavax/servlet/ServletResponse;)V+101
j  org.springframework.web.filter.RequestContextFilter.doFilterInternal(Ljavax/servlet/http/HttpServletRequest;Ljavax/servlet/http/HttpServletResponse;Ljavax/servlet/FilterChain;)V+21
j  org.springframework.web.filter.OncePerRequestFilter.doFilter(Ljavax/servlet/ServletRequest;Ljavax/servlet/ServletResponse;Ljavax/servlet/FilterChain;)V+147
j  org.apache.catalina.core.ApplicationFilterChain.internalDoFilter(Ljavax/servlet/ServletRequest;Ljavax/servlet/ServletResponse;)V+135
j  org.apache.catalina.core.ApplicationFilterChain.doFilter(Ljavax/servlet/ServletRequest;Ljavax/servlet/ServletResponse;)V+101
j  org.springframework.web.filter.FormContentFilter.doFilterInternal(Ljavax/servlet/http/HttpServletRequest;Ljavax/servlet/http/HttpServletResponse;Ljavax/servlet/FilterChain;)V+38
j  org.springframework.web.filter.OncePerRequestFilter.doFilter(Ljavax/servlet/ServletRequest;Ljavax/servlet/ServletResponse;Ljavax/servlet/FilterChain;)V+147
j  org.apache.catalina.core.ApplicationFilterChain.internalDoFilter(Ljavax/servlet/ServletRequest;Ljavax/servlet/ServletResponse;)V+135
j  org.apache.catalina.core.ApplicationFilterChain.doFilter(Ljavax/servlet/ServletRequest;Ljavax/servlet/ServletResponse;)V+101
j  org.springframework.web.filter.CharacterEncodingFilter.doFilterInternal(Ljavax/servlet/http/HttpServletRequest;Ljavax/servlet/http/HttpServletResponse;Ljavax/servlet/FilterChain;)V+53
j  org.springframework.web.filter.OncePerRequestFilter.doFilter(Ljavax/servlet/ServletRequest;Ljavax/servlet/ServletResponse;Ljavax/servlet/FilterChain;)V+147
j  org.apache.catalina.core.ApplicationFilterChain.internalDoFilter(Ljavax/servlet/ServletRequest;Ljavax/servlet/ServletResponse;)V+135
j  org.apache.catalina.core.ApplicationFilterChain.doFilter(Ljavax/servlet/ServletRequest;Ljavax/servlet/ServletResponse;)V+101
j  org.apache.catalina.core.StandardWrapperValve.invoke(Lorg/apache/catalina/connector/Request;Lorg/apache/catalina/connector/Response;)V+694
j  org.apache.catalina.core.StandardContextValve.invoke(Lorg/apache/catalina/connector/Request;Lorg/apache/catalina/connector/Response;)V+166
j  org.apache.catalina.authenticator.AuthenticatorBase.invoke(Lorg/apache/catalina/connector/Request;Lorg/apache/catalina/connector/Response;)V+260
j  org.apache.catalina.core.StandardHostValve.invoke(Lorg/apache/catalina/connector/Request;Lorg/apache/catalina/connector/Response;)V+114
j  org.apache.catalina.valves.ErrorReportValve.invoke(Lorg/apache/catalina/connector/Request;Lorg/apache/catalina/connector/Response;)V+6
j  org.apache.catalina.core.StandardEngineValve.invoke(Lorg/apache/catalina/connector/Request;Lorg/apache/catalina/connector/Response;)V+45
j  org.apache.catalina.connector.CoyoteAdapter.service(Lorg/apache/coyote/Request;Lorg/apache/coyote/Response;)V+199
j  org.apache.coyote.http11.Http11Processor.service(Lorg/apache/tomcat/util/net/SocketWrapperBase;)Lorg/apache/tomcat/util/net/AbstractEndpoint$Handler$SocketState;+727
j  org.apache.coyote.AbstractProcessorLight.process(Lorg/apache/tomcat/util/net/SocketWrapperBase;Lorg/apache/tomcat/util/net/SocketEvent;)Lorg/apache/tomcat/util/net/AbstractEndpoint$Handler$SocketState;+170
j  org.apache.coyote.AbstractProtocol$ConnectionHandler.process(Lorg/apache/tomcat/util/net/SocketWrapperBase;Lorg/apache/tomcat/util/net/SocketEvent;)Lorg/apache/tomcat/util/net/AbstractEndpoint$Handler$SocketState;+429
j  org.apache.tomcat.util.net.NioEndpoint$SocketProcessor.doRun()V+221
j  org.apache.tomcat.util.net.SocketProcessorBase.run()V+21
j  java.util.concurrent.ThreadPoolExecutor.runWorker(Ljava/util/concurrent/ThreadPoolExecutor$Worker;)V+95
j  java.util.concurrent.ThreadPoolExecutor$Worker.run()V+5
j  org.apache.tomcat.util.threads.TaskThread$WrappingRunnable.run()V+4
j  java.lang.Thread.run()V+11
v  ~StubRoutines::call_stub

---------------  P R O C E S S  ---------------

Java Threads: ( => current thread )
  0x000000001b933800 JavaThread "JavaCPP Deallocator" daemon [_thread_blocked, id=4000, stack(0x00000000222d0000,0x00000000223d0000)]
  0x000000001fcc4800 JavaThread "RMI TCP Connection(3)-10.231.100.193" daemon [_thread_in_native, id=13916, stack(0x000000001d1c0000,0x000000001d2c0000)]
  0x000000001fcc4000 JavaThread "DestroyJavaVM" [_thread_blocked, id=15764, stack(0x0000000003180000,0x0000000003280000)]
  0x000000001fcc2800 JavaThread "MyHikariCP housekeeper" daemon [_thread_blocked, id=13676, stack(0x0000000022a00000,0x0000000022b00000)]
  0x000000001fcbb000 JavaThread "http-nio-9500-Acceptor" daemon [_thread_in_native, id=7780, stack(0x0000000022600000,0x0000000022700000)]
  0x000000001fcc1800 JavaThread "http-nio-9500-ClientPoller" daemon [_thread_in_native, id=7980, stack(0x0000000022500000,0x0000000022600000)]
  0x000000001fcc1000 JavaThread "http-nio-9500-exec-10" daemon [_thread_blocked, id=15936, stack(0x0000000022140000,0x0000000022240000)]
  0x000000001fcc0000 JavaThread "http-nio-9500-exec-9" daemon [_thread_blocked, id=23088, stack(0x0000000021e60000,0x0000000021f60000)]
  0x000000001fcb8800 JavaThread "http-nio-9500-exec-8" daemon [_thread_blocked, id=24020, stack(0x0000000021d60000,0x0000000021e60000)]
  0x000000001fcbe800 JavaThread "http-nio-9500-exec-7" daemon [_thread_blocked, id=14020, stack(0x0000000021c60000,0x0000000021d60000)]
  0x000000001fcbe000 JavaThread "http-nio-9500-exec-6" daemon [_thread_blocked, id=26308, stack(0x0000000021b60000,0x0000000021c60000)]
  0x000000001fcbf800 JavaThread "http-nio-9500-exec-5" daemon [_thread_blocked, id=5320, stack(0x0000000021a60000,0x0000000021b60000)]
  0x000000001fcbc800 JavaThread "http-nio-9500-exec-4" daemon [_thread_blocked, id=23532, stack(0x0000000021960000,0x0000000021a60000)]
=>0x000000001fcb7000 JavaThread "http-nio-9500-exec-3" daemon [_thread_in_native, id=20744, stack(0x0000000021860000,0x0000000021960000)]
  0x000000001fcb6800 JavaThread "http-nio-9500-exec-2" daemon [_thread_blocked, id=21460, stack(0x0000000021760000,0x0000000021860000)]
  0x000000001fcbd000 JavaThread "http-nio-9500-exec-1" daemon [_thread_blocked, id=21784, stack(0x0000000021660000,0x0000000021760000)]
  0x000000001fcb9800 JavaThread "http-nio-9500-BlockPoller" daemon [_thread_in_native, id=11472, stack(0x0000000021560000,0x0000000021660000)]
  0x000000001fcb8000 JavaThread "Live Reload Server" daemon [_thread_in_native, id=12536, stack(0x0000000021460000,0x0000000021560000)]
  0x000000001fcba000 JavaThread "File Watcher" daemon [_thread_blocked, id=26196, stack(0x0000000021360000,0x0000000021460000)]
  0x000000001f328000 JavaThread "container-0" [_thread_blocked, id=14016, stack(0x000000001fa90000,0x000000001fb90000)]
  0x000000001f327000 JavaThread "Catalina-utility-2" [_thread_blocked, id=10928, stack(0x000000001f990000,0x000000001fa90000)]
  0x000000001f326800 JavaThread "Catalina-utility-1" [_thread_blocked, id=23780, stack(0x000000001d3c0000,0x000000001d4c0000)]
  0x000000001c073800 JavaThread "RMI Scheduler(0)" daemon [_thread_blocked, id=3488, stack(0x000000001d8c0000,0x000000001d9c0000)]
  0x000000001c051800 JavaThread "RMI TCP Connection(idle)" daemon [_thread_blocked, id=8396, stack(0x000000001d4c0000,0x000000001d5c0000)]
  0x000000001bd34000 JavaThread "RMI TCP Accept-0" daemon [_thread_in_native, id=20680, stack(0x000000001cd10000,0x000000001ce10000)]
  0x000000001baaa000 JavaThread "Service Thread" daemon [_thread_blocked, id=20956, stack(0x000000001cc10000,0x000000001cd10000)]
  0x000000001ba07000 JavaThread "C1 CompilerThread3" daemon [_thread_blocked, id=16676, stack(0x000000001cb10000,0x000000001cc10000)]
  0x000000001ba06000 JavaThread "C2 CompilerThread2" daemon [_thread_blocked, id=9608, stack(0x000000001ca10000,0x000000001cb10000)]
  0x000000001ba05800 JavaThread "C2 CompilerThread1" daemon [_thread_blocked, id=11960, stack(0x000000001c910000,0x000000001ca10000)]
  0x000000001ba22800 JavaThread "C2 CompilerThread0" daemon [_thread_blocked, id=7948, stack(0x000000001c810000,0x000000001c910000)]
  0x000000001a5e3800 JavaThread "JDWP Command Reader" daemon [_thread_in_native, id=4952, stack(0x000000001af40000,0x000000001b040000)]
  0x000000001a5e2800 JavaThread "JDWP Event Helper Thread" daemon [_thread_blocked, id=12668, stack(0x000000001ae40000,0x000000001af40000)]
  0x000000001a5d9000 JavaThread "JDWP Transport Listener: dt_socket" daemon [_thread_blocked, id=7884, stack(0x000000001ad40000,0x000000001ae40000)]
  0x000000001a5d8800 JavaThread "Attach Listener" daemon [_thread_blocked, id=16528, stack(0x000000001ac40000,0x000000001ad40000)]
  0x000000001a5d7000 JavaThread "Signal Dispatcher" daemon [_thread_blocked, id=23752, stack(0x000000001ab40000,0x000000001ac40000)]
  0x000000001a561000 JavaThread "Finalizer" daemon [_thread_blocked, id=8468, stack(0x000000001aa40000,0x000000001ab40000)]
  0x000000001877d800 JavaThread "Reference Handler" daemon [_thread_blocked, id=20112, stack(0x000000001a940000,0x000000001aa40000)]

Other Threads:
  0x0000000018779800 VMThread [stack: 0x000000001a440000,0x000000001a540000] [id=7940]
  0x000000001bd4b000 WatcherThread [stack: 0x000000001ce10000,0x000000001cf10000] [id=18440]

VM state:not at safepoint (normal execution)

VM Mutex/Monitor currently owned by a thread: None

heap address: 0x0000000082e00000, size: 2002 MB, Compressed Oops mode: 32-bit
Narrow klass base: 0x0000000000000000, Narrow klass shift: 3
Compressed class space size: 1073741824 Address: 0x0000000100000000

Heap:
 PSYoungGen      total 395264K, used 364032K [0x00000000d6500000, 0x00000000f0f00000, 0x0000000100000000)
  eden space 371712K, 97% used [0x00000000d6500000,0x00000000ec8802e0,0x00000000ed000000)
  from space 23552K, 0% used [0x00000000ef800000,0x00000000ef800000,0x00000000f0f00000)
  to   space 31744K, 0% used [0x00000000ed100000,0x00000000ed100000,0x00000000ef000000)
 ParOldGen       total 124416K, used 26636K [0x0000000082e00000, 0x000000008a780000, 0x00000000d6500000)
  object space 124416K, 21% used [0x0000000082e00000,0x0000000084803088,0x000000008a780000)
 Metaspace       used 47868K, capacity 50034K, committed 50304K, reserved 1093632K
  class space    used 6285K, capacity 6686K, committed 6784K, reserved 1048576K

Card table byte_map: [0x0000000012c80000,0x0000000013070000] byte_map_base: 0x0000000012869000

Marking Bits: (ParMarkBitMap*) 0x0000000054406d90
 Begin Bits: [0x0000000013b10000, 0x0000000015a58000)
 End Bits:   [0x0000000015a58000, 0x00000000179a0000)

Polling page: 0x00000000018f0000

CodeCache: size=245760Kb used=10894Kb max_used=10894Kb free=234865Kb
 bounds [0x00000000038c0000, 0x0000000004370000, 0x00000000128c0000]
 total_blobs=5541 nmethods=4976 adapters=484
 compilation: enabled

Compilation events (10 events):
Event: 51.315 Thread 0x000000001ba07000 5055   !   1       com.sun.proxy.$Proxy109::linkpath (29 bytes)
Event: 51.315 Thread 0x000000001ba07000 nmethod 5055 0x000000000435f110 code [0x000000000435f2a0, 0x000000000435f558]
Event: 51.315 Thread 0x000000001ba07000 5056   !   1       com.sun.proxy.$Proxy109::linkresource (29 bytes)
Event: 51.315 Thread 0x000000001ba07000 nmethod 5056 0x000000000435f710 code [0x000000000435f8a0, 0x000000000435fb58]
Event: 51.315 Thread 0x000000001ba07000 5057   !   1       com.sun.proxy.$Proxy109::frameworkpath (29 bytes)
Event: 51.315 Thread 0x000000001ba07000 nmethod 5057 0x000000000435fd10 code [0x000000000435fea0, 0x0000000004360158]
Event: 51.424 Thread 0x000000001ba07000 5058       1       org.bytedeco.javacpp.Loader::getEnclosingClass (245 bytes)
Event: 51.426 Thread 0x000000001ba07000 nmethod 5058 0x0000000004360310 code [0x00000000043609c0, 0x0000000004362ff8]
Event: 51.693 Thread 0x000000001ba07000 5059       1       java.util.ArrayDeque::size (18 bytes)
Event: 51.693 Thread 0x000000001ba07000 nmethod 5059 0x0000000004365c10 code [0x0000000004365d60, 0x0000000004365e90]

GC Heap History (10 events):
Event: 6.637 GC heap before
{Heap before GC invocations=11 (full 2):
 PSYoungGen      total 226816K, used 10216K [0x00000000d6500000, 0x00000000e9880000, 0x0000000100000000)
  eden space 216576K, 0% used [0x00000000d6500000,0x00000000d6500000,0x00000000e3880000)
  from space 10240K, 99% used [0x00000000e3880000,0x00000000e427a0a0,0x00000000e4280000)
  to   space 12288K, 0% used [0x00000000e8c80000,0x00000000e8c80000,0x00000000e9880000)
 ParOldGen       total 52736K, used 9291K [0x0000000082e00000, 0x0000000086180000, 0x00000000d6500000)
  object space 52736K, 17% used [0x0000000082e00000,0x0000000083712ef0,0x0000000086180000)
 Metaspace       used 33710K, capacity 35400K, committed 35496K, reserved 1079296K
  class space    used 4517K, capacity 4840K, committed 4864K, reserved 1048576K
Event: 6.701 GC heap after
Heap after GC invocations=11 (full 2):
 PSYoungGen      total 226816K, used 0K [0x00000000d6500000, 0x00000000e9880000, 0x0000000100000000)
  eden space 216576K, 0% used [0x00000000d6500000,0x00000000d6500000,0x00000000e3880000)
  from space 10240K, 0% used [0x00000000e3880000,0x00000000e3880000,0x00000000e4280000)
  to   space 12288K, 0% used [0x00000000e8c80000,0x00000000e8c80000,0x00000000e9880000)
 ParOldGen       total 84480K, used 17568K [0x0000000082e00000, 0x0000000088080000, 0x00000000d6500000)
  object space 84480K, 20% used [0x0000000082e00000,0x0000000083f281b8,0x0000000088080000)
 Metaspace       used 33710K, capacity 35400K, committed 35496K, reserved 1079296K
  class space    used 4517K, capacity 4840K, committed 4864K, reserved 1048576K
}
Event: 7.750 GC heap before
{Heap before GC invocations=12 (full 2):
 PSYoungGen      total 226816K, used 216576K [0x00000000d6500000, 0x00000000e9880000, 0x0000000100000000)
  eden space 216576K, 100% used [0x00000000d6500000,0x00000000e3880000,0x00000000e3880000)
  from space 10240K, 0% used [0x00000000e3880000,0x00000000e3880000,0x00000000e4280000)
  to   space 12288K, 0% used [0x00000000e8c80000,0x00000000e8c80000,0x00000000e9880000)
 ParOldGen       total 84480K, used 17568K [0x0000000082e00000, 0x0000000088080000, 0x00000000d6500000)
  object space 84480K, 20% used [0x0000000082e00000,0x0000000083f281b8,0x0000000088080000)
 Metaspace       used 37820K, capacity 39832K, committed 40064K, reserved 1083392K
  class space    used 5051K, capacity 5434K, committed 5504K, reserved 1048576K
Event: 7.770 GC heap after
Heap after GC invocations=12 (full 2):
 PSYoungGen      total 294400K, used 12259K [0x00000000d6500000, 0x00000000e9b80000, 0x0000000100000000)
  eden space 282112K, 0% used [0x00000000d6500000,0x00000000d6500000,0x00000000e7880000)
  from space 12288K, 99% used [0x00000000e8c80000,0x00000000e9878f88,0x00000000e9880000)
  to   space 17920K, 0% used [0x00000000e7880000,0x00000000e7880000,0x00000000e8a00000)
 ParOldGen       total 84480K, used 29778K [0x0000000082e00000, 0x0000000088080000, 0x00000000d6500000)
  object space 84480K, 35% used [0x0000000082e00000,0x0000000084b14a28,0x0000000088080000)
 Metaspace       used 37820K, capacity 39832K, committed 40064K, reserved 1083392K
  class space    used 5051K, capacity 5434K, committed 5504K, reserved 1048576K
}
Event: 8.276 GC heap before
{Heap before GC invocations=13 (full 2):
 PSYoungGen      total 294400K, used 294371K [0x00000000d6500000, 0x00000000e9b80000, 0x0000000100000000)
  eden space 282112K, 100% used [0x00000000d6500000,0x00000000e7880000,0x00000000e7880000)
  from space 12288K, 99% used [0x00000000e8c80000,0x00000000e9878f88,0x00000000e9880000)
  to   space 17920K, 0% used [0x00000000e7880000,0x00000000e7880000,0x00000000e8a00000)
 ParOldGen       total 84480K, used 29919K [0x0000000082e00000, 0x0000000088080000, 0x00000000d6500000)
  object space 84480K, 35% used [0x0000000082e00000,0x0000000084b37f50,0x0000000088080000)
 Metaspace       used 37967K, capacity 39960K, committed 40064K, reserved 1083392K
  class space    used 5066K, capacity 5434K, committed 5504K, reserved 1048576K
Event: 8.303 GC heap after
Heap after GC invocations=13 (full 2):
 PSYoungGen      total 300032K, used 17893K [0x00000000d6500000, 0x00000000f1480000, 0x0000000100000000)
  eden space 282112K, 0% used [0x00000000d6500000,0x00000000d6500000,0x00000000e7880000)
  from space 17920K, 99% used [0x00000000e7880000,0x00000000e89f9528,0x00000000e8a00000)
  to   space 29184K, 0% used [0x00000000ef800000,0x00000000ef800000,0x00000000f1480000)
 ParOldGen       total 84480K, used 53565K [0x0000000082e00000, 0x0000000088080000, 0x00000000d6500000)
  object space 84480K, 63% used [0x0000000082e00000,0x000000008624f728,0x0000000088080000)
 Metaspace       used 37967K, capacity 39960K, committed 40064K, reserved 1083392K
  class space    used 5066K, capacity 5434K, committed 5504K, reserved 1048576K
}
Event: 46.219 GC heap before
{Heap before GC invocations=14 (full 2):
 PSYoungGen      total 300032K, used 300005K [0x00000000d6500000, 0x00000000f1480000, 0x0000000100000000)
  eden space 282112K, 100% used [0x00000000d6500000,0x00000000e7880000,0x00000000e7880000)
  from space 17920K, 99% used [0x00000000e7880000,0x00000000e89f9528,0x00000000e8a00000)
  to   space 29184K, 0% used [0x00000000ef800000,0x00000000ef800000,0x00000000f1480000)
 ParOldGen       total 84480K, used 53574K [0x0000000082e00000, 0x0000000088080000, 0x00000000d6500000)
  object space 84480K, 63% used [0x0000000082e00000,0x00000000862519d8,0x0000000088080000)
 Metaspace       used 46273K, capacity 48486K, committed 48768K, reserved 1091584K
  class space    used 6027K, capacity 6428K, committed 6528K, reserved 1048576K
Event: 46.241 GC heap after
Heap after GC invocations=14 (full 2):
 PSYoungGen      total 395264K, used 23399K [0x00000000d6500000, 0x00000000f0f00000, 0x0000000100000000)
  eden space 371712K, 0% used [0x00000000d6500000,0x00000000d6500000,0x00000000ed000000)
  from space 23552K, 99% used [0x00000000ef800000,0x00000000f0ed9f08,0x00000000f0f00000)
  to   space 31744K, 0% used [0x00000000ed100000,0x00000000ed100000,0x00000000ef000000)
 ParOldGen       total 84480K, used 71224K [0x0000000082e00000, 0x0000000088080000, 0x00000000d6500000)
  object space 84480K, 84% used [0x0000000082e00000,0x000000008738e170,0x0000000088080000)
 Metaspace       used 46273K, capacity 48486K, committed 48768K, reserved 1091584K
  class space    used 6027K, capacity 6428K, committed 6528K, reserved 1048576K
}
Event: 46.241 GC heap before
{Heap before GC invocations=15 (full 3):
 PSYoungGen      total 395264K, used 23399K [0x00000000d6500000, 0x00000000f0f00000, 0x0000000100000000)
  eden space 371712K, 0% used [0x00000000d6500000,0x00000000d6500000,0x00000000ed000000)
  from space 23552K, 99% used [0x00000000ef800000,0x00000000f0ed9f08,0x00000000f0f00000)
  to   space 31744K, 0% used [0x00000000ed100000,0x00000000ed100000,0x00000000ef000000)
 ParOldGen       total 84480K, used 71224K [0x0000000082e00000, 0x0000000088080000, 0x00000000d6500000)
  object space 84480K, 84% used [0x0000000082e00000,0x000000008738e170,0x0000000088080000)
 Metaspace       used 46273K, capacity 48486K, committed 48768K, reserved 1091584K
  class space    used 6027K, capacity 6428K, committed 6528K, reserved 1048576K
Event: 46.359 GC heap after
Heap after GC invocations=15 (full 3):
 PSYoungGen      total 395264K, used 0K [0x00000000d6500000, 0x00000000f0f00000, 0x0000000100000000)
  eden space 371712K, 0% used [0x00000000d6500000,0x00000000d6500000,0x00000000ed000000)
  from space 23552K, 0% used [0x00000000ef800000,0x00000000ef800000,0x00000000f0f00000)
  to   space 31744K, 0% used [0x00000000ed100000,0x00000000ed100000,0x00000000ef000000)
 ParOldGen       total 124416K, used 26636K [0x0000000082e00000, 0x000000008a780000, 0x00000000d6500000)
  object space 124416K, 21% used [0x0000000082e00000,0x0000000084803088,0x000000008a780000)
 Metaspace       used 46269K, capacity 48480K, committed 48768K, reserved 1091584K
  class space    used 6027K, capacity 6427K, committed 6528K, reserved 1048576K
}

Deoptimization events (0 events):
No events

Classes redefined (0 events):
No events

Internal exceptions (10 events):
Event: 52.018 Thread 0x000000001fcb7000 Exception <a 'sun/nio/fs/WindowsException'> (0x00000000ec7b4bd0) thrown at [C:\re\workspace\8-2-build-windows-amd64-cygwin\jdk8u231\13620\hotspot\src\share\vm\prims\jni.cpp, line 710]
Event: 52.019 Thread 0x000000001fcb7000 Exception <a 'sun/nio/fs/WindowsException'> (0x00000000ec7b6c48) thrown at [C:\re\workspace\8-2-build-windows-amd64-cygwin\jdk8u231\13620\hotspot\src\share\vm\prims\jni.cpp, line 710]
Event: 52.019 Thread 0x000000001fcb7000 Exception <a 'sun/nio/fs/WindowsException'> (0x00000000ec7b8d80) thrown at [C:\re\workspace\8-2-build-windows-amd64-cygwin\jdk8u231\13620\hotspot\src\share\vm\prims\jni.cpp, line 710]
Event: 52.020 Thread 0x000000001fcb7000 Exception <a 'sun/nio/fs/WindowsException'> (0x00000000ec7bac60) thrown at [C:\re\workspace\8-2-build-windows-amd64-cygwin\jdk8u231\13620\hotspot\src\share\vm\prims\jni.cpp, line 710]
Event: 52.020 Thread 0x000000001fcb7000 Exception <a 'sun/nio/fs/WindowsException'> (0x00000000ec7bcba0) thrown at [C:\re\workspace\8-2-build-windows-amd64-cygwin\jdk8u231\13620\hotspot\src\share\vm\prims\jni.cpp, line 710]
Event: 52.021 Thread 0x000000001fcb7000 Exception <a 'sun/nio/fs/WindowsException'> (0x00000000ec7beaf8) thrown at [C:\re\workspace\8-2-build-windows-amd64-cygwin\jdk8u231\13620\hotspot\src\share\vm\prims\jni.cpp, line 710]
Event: 52.021 Thread 0x000000001fcb7000 Exception <a 'sun/nio/fs/WindowsException'> (0x00000000ec7c09d8) thrown at [C:\re\workspace\8-2-build-windows-amd64-cygwin\jdk8u231\13620\hotspot\src\share\vm\prims\jni.cpp, line 710]
Event: 52.021 Thread 0x000000001fcb7000 Exception <a 'sun/nio/fs/WindowsException'> (0x00000000ec7c28d0) thrown at [C:\re\workspace\8-2-build-windows-amd64-cygwin\jdk8u231\13620\hotspot\src\share\vm\prims\jni.cpp, line 710]
Event: 52.022 Thread 0x000000001fcb7000 Exception <a 'sun/nio/fs/WindowsException'> (0x00000000ec7c47c8) thrown at [C:\re\workspace\8-2-build-windows-amd64-cygwin\jdk8u231\13620\hotspot\src\share\vm\prims\jni.cpp, line 710]
Event: 52.022 Thread 0x000000001fcb7000 Exception <a 'sun/nio/fs/WindowsException'> (0x00000000ec7c66a8) thrown at [C:\re\workspace\8-2-build-windows-amd64-cygwin\jdk8u231\13620\hotspot\src\share\vm\prims\jni.cpp, line 710]

Events (10 events):
Event: 52.022 Thread 0x000000001fcb7000 DEOPT PACKING pc=0x000000000434b0dc sp=0x000000002195bd50
Event: 52.022 Thread 0x000000001fcb7000 DEOPT UNPACKING pc=0x0000000003907890 sp=0x000000002195baa0 mode 1
Event: 52.022 Thread 0x000000001fcb7000 DEOPT PACKING pc=0x0000000004303d34 sp=0x000000002195bde0
Event: 52.022 Thread 0x000000001fcb7000 DEOPT UNPACKING pc=0x0000000003907890 sp=0x000000002195bc00 mode 1
Event: 52.022 Thread 0x000000001fcb7000 DEOPT PACKING pc=0x000000000434c21d sp=0x000000002195bde0
Event: 52.022 Thread 0x000000001fcb7000 DEOPT UNPACKING pc=0x0000000003907890 sp=0x000000002195bb10 mode 1
Event: 52.022 Thread 0x000000001fcb7000 DEOPT PACKING pc=0x000000000434beb4 sp=0x000000002195be50
Event: 52.022 Thread 0x000000001fcb7000 DEOPT UNPACKING pc=0x0000000003907890 sp=0x000000002195bb90 mode 1
Event: 52.022 Thread 0x000000001fcb7000 DEOPT PACKING pc=0x00000000043033b4 sp=0x000000002195bf60
Event: 52.022 Thread 0x000000001fcb7000 DEOPT UNPACKING pc=0x0000000003907890 sp=0x000000002195bcc0 mode 1


Dynamic libraries:
0x00007ff6687d0000 - 0x00007ff668807000 	C:\Program Files\Java\jdk1.8.0_231\bin\java.exe
0x00007ffa5c3c0000 - 0x00007ffa5c5b0000 	C:\windows\SYSTEM32\ntdll.dll
0x00007ffa5c0c0000 - 0x00007ffa5c172000 	C:\windows\System32\KERNEL32.DLL
0x00007ffa59350000 - 0x00007ffa595f3000 	C:\windows\System32\KERNELBASE.dll
0x00007ffa5be80000 - 0x00007ffa5bf23000 	C:\windows\System32\ADVAPI32.dll
0x00007ffa5c2e0000 - 0x00007ffa5c37e000 	C:\windows\System32\msvcrt.dll
0x00007ffa5a5c0000 - 0x00007ffa5a657000 	C:\windows\System32\sechost.dll
0x00007ffa5abb0000 - 0x00007ffa5acd0000 	C:\windows\System32\RPCRT4.dll
0x00007ffa5ba00000 - 0x00007ffa5bb93000 	C:\windows\System32\USER32.dll
0x00007ffa59600000 - 0x00007ffa59621000 	C:\windows\System32\win32u.dll
0x00007ffa5b560000 - 0x00007ffa5b586000 	C:\windows\System32\GDI32.dll
0x00007ffa5a030000 - 0x00007ffa5a1c4000 	C:\windows\System32\gdi32full.dll
0x00007ffa59e90000 - 0x00007ffa59f2e000 	C:\windows\System32\msvcp_win.dll
0x00007ffa5a380000 - 0x00007ffa5a47a000 	C:\windows\System32\ucrtbase.dll
0x00007ffa3fd80000 - 0x00007ffa40005000 	C:\windows\WinSxS\amd64_microsoft.windows.common-controls_6595b64144ccf1df_6.0.18362.175_none_e6c3ab1f131014c9\COMCTL32.dll
0x00007ffa5a870000 - 0x00007ffa5aba6000 	C:\windows\System32\combase.dll
0x00007ffa59db0000 - 0x00007ffa59e31000 	C:\windows\System32\bcryptPrimitives.dll
0x00007ffa5c090000 - 0x00007ffa5c0be000 	C:\windows\System32\IMM32.DLL
0x0000000054490000 - 0x0000000054562000 	C:\Program Files\Java\jdk1.8.0_231\jre\bin\msvcr100.dll
0x0000000053be0000 - 0x0000000054486000 	C:\Program Files\Java\jdk1.8.0_231\jre\bin\server\jvm.dll
0x00007ffa5bd50000 - 0x00007ffa5bd58000 	C:\windows\System32\PSAPI.DLL
0x00007ffa476b0000 - 0x00007ffa476d4000 	C:\windows\SYSTEM32\WINMM.dll
0x00007ffa50560000 - 0x00007ffa50569000 	C:\windows\SYSTEM32\WSOCK32.dll
0x00007ffa3db40000 - 0x00007ffa3db4a000 	C:\windows\SYSTEM32\VERSION.dll
0x00007ffa5be10000 - 0x00007ffa5be7f000 	C:\windows\System32\WS2_32.dll
0x00007ffa47680000 - 0x00007ffa476ad000 	C:\windows\SYSTEM32\winmmbase.dll
0x00007ffa59fe0000 - 0x00007ffa5a02a000 	C:\windows\System32\cfgmgr32.dll
0x00007ffa4bda0000 - 0x00007ffa4bdaf000 	C:\Program Files\Java\jdk1.8.0_231\jre\bin\verify.dll
0x00007ffa443b0000 - 0x00007ffa443d9000 	C:\Program Files\Java\jdk1.8.0_231\jre\bin\java.dll
0x00007ffa4bd30000 - 0x00007ffa4bd65000 	C:\Program Files\Java\jdk1.8.0_231\jre\bin\jdwp.dll
0x00007ffa53f30000 - 0x00007ffa53f38000 	C:\Program Files\Java\jdk1.8.0_231\jre\bin\npt.dll
0x00007ffa49b40000 - 0x00007ffa49b63000 	C:\Program Files\Java\jdk1.8.0_231\jre\bin\instrument.dll
0x00007ffa42d70000 - 0x00007ffa42d86000 	C:\Program Files\Java\jdk1.8.0_231\jre\bin\zip.dll
0x00007ffa5acd0000 - 0x00007ffa5b3b0000 	C:\windows\System32\SHELL32.dll
0x00007ffa5bd60000 - 0x00007ffa5be09000 	C:\windows\System32\shcore.dll
0x00007ffa59630000 - 0x00007ffa59dab000 	C:\windows\System32\windows.storage.dll
0x00007ffa59310000 - 0x00007ffa5932f000 	C:\windows\System32\profapi.dll
0x00007ffa592c0000 - 0x00007ffa5930a000 	C:\windows\System32\powrprof.dll
0x00007ffa59290000 - 0x00007ffa592a0000 	C:\windows\System32\UMPDC.dll
0x00007ffa5a560000 - 0x00007ffa5a5b2000 	C:\windows\System32\shlwapi.dll
0x00007ffa592a0000 - 0x00007ffa592b1000 	C:\windows\System32\kernel.appcore.dll
0x00007ffa59e70000 - 0x00007ffa59e87000 	C:\windows\System32\cryptsp.dll
0x00007ffa50380000 - 0x00007ffa50389000 	C:\Program Files\Java\jdk1.8.0_231\jre\bin\dt_socket.dll
0x00007ffa58aa0000 - 0x00007ffa58b07000 	C:\windows\system32\mswsock.dll
0x00007ffa42c40000 - 0x00007ffa42c5a000 	C:\Program Files\Java\jdk1.8.0_231\jre\bin\net.dll
0x00007ffa58840000 - 0x00007ffa5890a000 	C:\windows\SYSTEM32\DNSAPI.dll
0x00007ffa5a550000 - 0x00007ffa5a558000 	C:\windows\System32\NSI.dll
0x00007ffa58800000 - 0x00007ffa5883a000 	C:\windows\SYSTEM32\IPHLPAPI.DLL
0x00007ffa50650000 - 0x00007ffa5065a000 	C:\Windows\System32\rasadhlp.dll
0x00007ffa51620000 - 0x00007ffa51697000 	C:\windows\System32\fwpuclnt.dll
0x00007ffa59e40000 - 0x00007ffa59e66000 	C:\windows\System32\bcrypt.dll
0x00007ffa4bd90000 - 0x00007ffa4bd9d000 	C:\Program Files\Java\jdk1.8.0_231\jre\bin\management.dll
0x00007ffa3fb90000 - 0x00007ffa3fba2000 	C:\Program Files\Java\jdk1.8.0_231\jre\bin\nio.dll
0x00007ffa58660000 - 0x00007ffa58693000 	C:\windows\system32\rsaenh.dll
0x00007ffa591b0000 - 0x00007ffa591d5000 	C:\windows\SYSTEM32\USERENV.dll
0x00007ffa58c70000 - 0x00007ffa58c7c000 	C:\windows\SYSTEM32\CRYPTBASE.dll
0x00007ffa516c0000 - 0x00007ffa516d6000 	C:\windows\SYSTEM32\dhcpcsvc6.DLL
0x00007ffa516a0000 - 0x00007ffa516bc000 	C:\windows\SYSTEM32\dhcpcsvc.DLL
0x00007ffa51190000 - 0x00007ffa511a6000 	C:\windows\system32\napinsp.dll
0x00007ffa505c0000 - 0x00007ffa505da000 	C:\windows\system32\pnrpnsp.dll
0x00007ffa51d20000 - 0x00007ffa51d2e000 	C:\windows\System32\winrnr.dll
0x00007ffa53e00000 - 0x00007ffa53e1c000 	C:\windows\system32\NLAapi.dll
0x00007ffa51c90000 - 0x00007ffa51ca5000 	C:\windows\system32\wshbth.dll
0x00000000032e0000 - 0x00000000032e3000 	C:\Users\caijiacheng\.javacpp\cache\javacpp-1.5.4-windows-x86_64.jar\org\bytedeco\javacpp\windows-x86_64\api-ms-win-crt-locale-l1-1-0.dll
0x00000000032f0000 - 0x00000000032f4000 	C:\Users\caijiacheng\.javacpp\cache\javacpp-1.5.4-windows-x86_64.jar\org\bytedeco\javacpp\windows-x86_64\api-ms-win-crt-string-l1-1-0.dll
0x0000000003300000 - 0x0000000003304000 	C:\Users\caijiacheng\.javacpp\cache\javacpp-1.5.4-windows-x86_64.jar\org\bytedeco\javacpp\windows-x86_64\api-ms-win-crt-stdio-l1-1-0.dll
0x0000000003310000 - 0x0000000003315000 	C:\Users\caijiacheng\.javacpp\cache\javacpp-1.5.4-windows-x86_64.jar\org\bytedeco\javacpp\windows-x86_64\api-ms-win-crt-math-l1-1-0.dll
0x0000000003320000 - 0x0000000003323000 	C:\Users\caijiacheng\.javacpp\cache\javacpp-1.5.4-windows-x86_64.jar\org\bytedeco\javacpp\windows-x86_64\api-ms-win-crt-heap-l1-1-0.dll
0x0000000003330000 - 0x0000000003334000 	C:\Users\caijiacheng\.javacpp\cache\javacpp-1.5.4-windows-x86_64.jar\org\bytedeco\javacpp\windows-x86_64\api-ms-win-crt-runtime-l1-1-0.dll
0x0000000003340000 - 0x0000000003344000 	C:\Users\caijiacheng\.javacpp\cache\javacpp-1.5.4-windows-x86_64.jar\org\bytedeco\javacpp\windows-x86_64\api-ms-win-crt-convert-l1-1-0.dll
0x0000000003350000 - 0x0000000003353000 	C:\Users\caijiacheng\.javacpp\cache\javacpp-1.5.4-windows-x86_64.jar\org\bytedeco\javacpp\windows-x86_64\api-ms-win-crt-environment-l1-1-0.dll
0x0000000022240000 - 0x0000000022243000 	C:\Users\caijiacheng\.javacpp\cache\javacpp-1.5.4-windows-x86_64.jar\org\bytedeco\javacpp\windows-x86_64\api-ms-win-crt-time-l1-1-0.dll
0x0000000022250000 - 0x0000000022253000 	C:\Users\caijiacheng\.javacpp\cache\javacpp-1.5.4-windows-x86_64.jar\org\bytedeco\javacpp\windows-x86_64\api-ms-win-crt-filesystem-l1-1-0.dll
0x0000000022260000 - 0x0000000022263000 	C:\Users\caijiacheng\.javacpp\cache\javacpp-1.5.4-windows-x86_64.jar\org\bytedeco\javacpp\windows-x86_64\api-ms-win-crt-utility-l1-1-0.dll
0x0000000022270000 - 0x0000000022275000 	C:\Users\caijiacheng\.javacpp\cache\javacpp-1.5.4-windows-x86_64.jar\org\bytedeco\javacpp\windows-x86_64\api-ms-win-crt-multibyte-l1-1-0.dll
0x0000000022280000 - 0x0000000022283000 	C:\Users\caijiacheng\.javacpp\cache\javacpp-1.5.4-windows-x86_64.jar\org\bytedeco\javacpp\windows-x86_64\api-ms-win-core-string-l1-1-0.dll
0x0000000022290000 - 0x0000000022293000 	C:\Users\caijiacheng\.javacpp\cache\javacpp-1.5.4-windows-x86_64.jar\org\bytedeco\javacpp\windows-x86_64\api-ms-win-core-errorhandling-l1-1-0.dll
0x00000000222a0000 - 0x00000000222a3000 	C:\Users\caijiacheng\.javacpp\cache\javacpp-1.5.4-windows-x86_64.jar\org\bytedeco\javacpp\windows-x86_64\api-ms-win-core-timezone-l1-1-0.dll
0x00000000222b0000 - 0x00000000222b4000 	C:\Users\caijiacheng\.javacpp\cache\javacpp-1.5.4-windows-x86_64.jar\org\bytedeco\javacpp\windows-x86_64\api-ms-win-core-file-l1-1-0.dll
0x00000000222c0000 - 0x00000000222c3000 	C:\Users\caijiacheng\.javacpp\cache\javacpp-1.5.4-windows-x86_64.jar\org\bytedeco\javacpp\windows-x86_64\api-ms-win-core-namedpipe-l1-1-0.dll
0x0000000021f60000 - 0x0000000021f63000 	C:\Users\caijiacheng\.javacpp\cache\javacpp-1.5.4-windows-x86_64.jar\org\bytedeco\javacpp\windows-x86_64\api-ms-win-core-handle-l1-1-0.dll
0x0000000021f70000 - 0x0000000021f73000 	C:\Users\caijiacheng\.javacpp\cache\javacpp-1.5.4-windows-x86_64.jar\org\bytedeco\javacpp\windows-x86_64\api-ms-win-core-file-l2-1-0.dll
0x0000000021f80000 - 0x0000000021f83000 	C:\Users\caijiacheng\.javacpp\cache\javacpp-1.5.4-windows-x86_64.jar\org\bytedeco\javacpp\windows-x86_64\api-ms-win-core-heap-l1-1-0.dll
0x0000000021f90000 - 0x0000000021f93000 	C:\Users\caijiacheng\.javacpp\cache\javacpp-1.5.4-windows-x86_64.jar\org\bytedeco\javacpp\windows-x86_64\api-ms-win-core-libraryloader-l1-1-0.dll
0x0000000021fa0000 - 0x0000000021fa3000 	C:\Users\caijiacheng\.javacpp\cache\javacpp-1.5.4-windows-x86_64.jar\org\bytedeco\javacpp\windows-x86_64\api-ms-win-core-synch-l1-1-0.dll
0x0000000021fb0000 - 0x0000000021fb3000 	C:\Users\caijiacheng\.javacpp\cache\javacpp-1.5.4-windows-x86_64.jar\org\bytedeco\javacpp\windows-x86_64\api-ms-win-core-processthreads-l1-1-0.dll
0x0000000021fc0000 - 0x0000000021fc3000 	C:\Users\caijiacheng\.javacpp\cache\javacpp-1.5.4-windows-x86_64.jar\org\bytedeco\javacpp\windows-x86_64\api-ms-win-core-processenvironment-l1-1-0.dll
0x0000000021fd0000 - 0x0000000021fd3000 	C:\Users\caijiacheng\.javacpp\cache\javacpp-1.5.4-windows-x86_64.jar\org\bytedeco\javacpp\windows-x86_64\api-ms-win-core-datetime-l1-1-0.dll
0x0000000021fe0000 - 0x0000000021fe3000 	C:\Users\caijiacheng\.javacpp\cache\javacpp-1.5.4-windows-x86_64.jar\org\bytedeco\javacpp\windows-x86_64\api-ms-win-core-localization-l1-2-0.dll
0x0000000021ff0000 - 0x0000000021ff3000 	C:\Users\caijiacheng\.javacpp\cache\javacpp-1.5.4-windows-x86_64.jar\org\bytedeco\javacpp\windows-x86_64\api-ms-win-core-sysinfo-l1-1-0.dll
0x0000000022000000 - 0x0000000022003000 	C:\Users\caijiacheng\.javacpp\cache\javacpp-1.5.4-windows-x86_64.jar\org\bytedeco\javacpp\windows-x86_64\api-ms-win-core-synch-l1-2-0.dll
0x0000000022010000 - 0x0000000022013000 	C:\Users\caijiacheng\.javacpp\cache\javacpp-1.5.4-windows-x86_64.jar\org\bytedeco\javacpp\windows-x86_64\api-ms-win-core-console-l1-1-0.dll
0x0000000022020000 - 0x0000000022023000 	C:\Users\caijiacheng\.javacpp\cache\javacpp-1.5.4-windows-x86_64.jar\org\bytedeco\javacpp\windows-x86_64\api-ms-win-core-debug-l1-1-0.dll
0x0000000022030000 - 0x0000000022033000 	C:\Users\caijiacheng\.javacpp\cache\javacpp-1.5.4-windows-x86_64.jar\org\bytedeco\javacpp\windows-x86_64\api-ms-win-core-rtlsupport-l1-1-0.dll
0x0000000022040000 - 0x0000000022043000 	C:\Users\caijiacheng\.javacpp\cache\javacpp-1.5.4-windows-x86_64.jar\org\bytedeco\javacpp\windows-x86_64\api-ms-win-core-processthreads-l1-1-1.dll
0x0000000022050000 - 0x0000000022053000 	C:\Users\caijiacheng\.javacpp\cache\javacpp-1.5.4-windows-x86_64.jar\org\bytedeco\javacpp\windows-x86_64\api-ms-win-core-file-l1-2-0.dll
0x0000000022060000 - 0x0000000022063000 	C:\Users\caijiacheng\.javacpp\cache\javacpp-1.5.4-windows-x86_64.jar\org\bytedeco\javacpp\windows-x86_64\api-ms-win-core-profile-l1-1-0.dll
0x0000000022070000 - 0x0000000022073000 	C:\Users\caijiacheng\.javacpp\cache\javacpp-1.5.4-windows-x86_64.jar\org\bytedeco\javacpp\windows-x86_64\api-ms-win-core-memory-l1-1-0.dll
0x0000000022080000 - 0x0000000022083000 	C:\Users\caijiacheng\.javacpp\cache\javacpp-1.5.4-windows-x86_64.jar\org\bytedeco\javacpp\windows-x86_64\api-ms-win-core-util-l1-1-0.dll
0x0000000022090000 - 0x0000000022093000 	C:\Users\caijiacheng\.javacpp\cache\javacpp-1.5.4-windows-x86_64.jar\org\bytedeco\javacpp\windows-x86_64\api-ms-win-core-interlocked-l1-1-0.dll
0x00007ffa49090000 - 0x00007ffa4918a000 	C:\Users\caijiacheng\.javacpp\cache\javacpp-1.5.4-windows-x86_64.jar\org\bytedeco\javacpp\windows-x86_64\ucrtbase.dll
0x00007ffa4bf30000 - 0x00007ffa4bf45000 	C:\Users\caijiacheng\.javacpp\cache\javacpp-1.5.4-windows-x86_64.jar\org\bytedeco\javacpp\windows-x86_64\vcruntime140.dll
0x00007ffa4af70000 - 0x00007ffa4af7c000 	C:\Users\caijiacheng\.javacpp\cache\javacpp-1.5.4-windows-x86_64.jar\org\bytedeco\javacpp\windows-x86_64\vcruntime140_1.dll
0x00007ffa2ac60000 - 0x00007ffa2acfb000 	C:\Users\caijiacheng\.javacpp\cache\javacpp-1.5.4-windows-x86_64.jar\org\bytedeco\javacpp\windows-x86_64\msvcp140.dll
0x00007ffa4af60000 - 0x00007ffa4af69000 	C:\Users\caijiacheng\.javacpp\cache\javacpp-1.5.4-windows-x86_64.jar\org\bytedeco\javacpp\windows-x86_64\msvcp140_1.dll
0x00007ffa49ae0000 - 0x00007ffa49b31000 	C:\Users\caijiacheng\.javacpp\cache\javacpp-1.5.4-windows-x86_64.jar\org\bytedeco\javacpp\windows-x86_64\concrt140.dll
0x00007ffa49060000 - 0x00007ffa49087000 	C:\Users\caijiacheng\.javacpp\cache\javacpp-1.5.4-windows-x86_64.jar\org\bytedeco\javacpp\windows-x86_64\vcomp140.dll
0x00007ffa4af10000 - 0x00007ffa4af1e000 	C:\Users\caijiacheng\.javacpp\cache\javacpp-1.5.4-windows-x86_64.jar\org\bytedeco\javacpp\windows-x86_64\jnijavacpp.dll
0x00007ffa23af0000 - 0x00007ffa23dec000 	C:\Users\caijiacheng\.javacpp\cache\ffmpeg-4.3.1-1.5.4-windows-x86_64.jar\org\bytedeco\ffmpeg\windows-x86_64\avutil-56.dll
0x000000006fe00000 - 0x000000006ff10000 	C:\Users\caijiacheng\.javacpp\cache\ffmpeg-4.3.1-1.5.4-windows-x86_64.jar\org\bytedeco\ffmpeg\windows-x86_64\jniavutil.dll
0x00007ffa32ee0000 - 0x00007ffa32f07000 	C:\Users\caijiacheng\.javacpp\cache\ffmpeg-4.3.1-1.5.4-windows-x86_64.jar\org\bytedeco\ffmpeg\windows-x86_64\swresample-3.dll
0x0000000070080000 - 0x00000000700ae000 	C:\Users\caijiacheng\.javacpp\cache\ffmpeg-4.3.1-1.5.4-windows-x86_64.jar\org\bytedeco\ffmpeg\windows-x86_64\jniswresample.dll
0x00007ff9f39d0000 - 0x00007ff9f6c0a000 	C:\Users\caijiacheng\.javacpp\cache\ffmpeg-4.3.1-1.5.4-windows-x86_64.jar\org\bytedeco\ffmpeg\windows-x86_64\avcodec-58.dll
0x00007ffa5bf30000 - 0x00007ffa5c086000 	C:\windows\System32\ole32.dll
0x00007ffa50920000 - 0x00007ffa50b1a000 	C:\windows\SYSTEM32\MFPlat.DLL
0x00007ffa50710000 - 0x00007ffa5073f000 	C:\windows\SYSTEM32\RTWorkQ.DLL
0x000000006a1c0000 - 0x000000006a2ab000 	C:\Users\caijiacheng\.javacpp\cache\ffmpeg-4.3.1-1.5.4-windows-x86_64.jar\org\bytedeco\ffmpeg\windows-x86_64\jniavcodec.dll
0x00007ffa22c40000 - 0x00007ffa2318e000 	C:\Users\caijiacheng\.javacpp\cache\ffmpeg-4.3.1-1.5.4-windows-x86_64.jar\org\bytedeco\ffmpeg\windows-x86_64\avformat-58.dll
0x00007ffa5a230000 - 0x00007ffa5a379000 	C:\windows\System32\CRYPT32.dll
0x00007ffa59330000 - 0x00007ffa59342000 	C:\windows\System32\MSASN1.dll
0x000000006abc0000 - 0x000000006ac84000 	C:\Users\caijiacheng\.javacpp\cache\ffmpeg-4.3.1-1.5.4-windows-x86_64.jar\org\bytedeco\ffmpeg\windows-x86_64\jniavformat.dll
0x00007ffa24b50000 - 0x00007ffa24be9000 	C:\Users\caijiacheng\.javacpp\cache\ffmpeg-4.3.1-1.5.4-windows-x86_64.jar\org\bytedeco\ffmpeg\windows-x86_64\swscale-5.dll
0x0000000067cc0000 - 0x0000000067cf3000 	C:\Users\caijiacheng\.javacpp\cache\ffmpeg-4.3.1-1.5.4-windows-x86_64.jar\org\bytedeco\ffmpeg\windows-x86_64\jniswscale.dll
0x00007ffa32eb0000 - 0x00007ffa32eda000 	C:\Users\caijiacheng\.javacpp\cache\ffmpeg-4.3.1-1.5.4-windows-x86_64.jar\org\bytedeco\ffmpeg\windows-x86_64\postproc-55.dll
0x000000006a0c0000 - 0x000000006a0ed000 	C:\Users\caijiacheng\.javacpp\cache\ffmpeg-4.3.1-1.5.4-windows-x86_64.jar\org\bytedeco\ffmpeg\windows-x86_64\jnipostproc.dll
0x00007ffa1eca0000 - 0x00007ffa1f0ff000 	C:\Users\caijiacheng\.javacpp\cache\ffmpeg-4.3.1-1.5.4-windows-x86_64.jar\org\bytedeco\ffmpeg\windows-x86_64\avfilter-7.dll
0x0000000064400000 - 0x0000000064459000 	C:\Users\caijiacheng\.javacpp\cache\ffmpeg-4.3.1-1.5.4-windows-x86_64.jar\org\bytedeco\ffmpeg\windows-x86_64\jniavfilter.dll
0x00007ffa32e80000 - 0x00007ffa32eac000 	C:\Users\caijiacheng\.javacpp\cache\ffmpeg-4.3.1-1.5.4-windows-x86_64.jar\org\bytedeco\ffmpeg\windows-x86_64\avdevice-58.dll

VM Arguments:
jvm_args: -agentlib:jdwp=transport=dt_socket,address=127.0.0.1:64385,suspend=y,server=n -XX:TieredStopAtLevel=1 -Xverify:none -Dspring.output.ansi.enabled=always -Dcom.sun.management.jmxremote -Dspring.jmx.enabled=true -Dspring.liveBeansView.mbeanDomain -Dspring.application.admin.enabled=true -javaagent:D:\develop\editTool\idea\apps\IDEA-U\ch-0\193.5233.102\plugins\java\lib\rt\debugger-agent.jar -Dfile.encoding=UTF-8 
java_command: cn.mrxccc.easycv.EasyCVApplication
java_class_path (initial): C:\Users\caijiacheng\AppData\Local\Temp\classpath1774805548.jar;D:\develop\editTool\idea\apps\IDEA-U\ch-0\193.5233.102\plugins\java\lib\rt\debugger-agent.jar
Launcher Type: SUN_STANDARD

Environment Variables:
PATH=C:\ProgramData\Anaconda3;C:\ProgramData\Anaconda3\Library\mingw-w64\bin;C:\ProgramData\Anaconda3\Library\usr\bin;C:\ProgramData\Anaconda3\Library\bin;C:\ProgramData\Anaconda3\Scripts;C:\python\python37\Scripts\;C:\python\python37\;C:\Program Files\Java\jdk1.8.0_231\bin;C:\windows\system32;C:\windows;C:\windows\System32\Wbem;C:\windows\System32\WindowsPowerShell\v1.0\;C:\windows\System32\OpenSSH\;D:\software\devTool\gitBash\Git\cmd;D:\software\devTool\apache-maven-3.6.3\bin;C:\Program Files (x86)\Bitvise SSH Client;C:\Program Files (x86)\Common Files\Oracle\Java\javapath;D:\software\devTool\node\;D:\software\devTool\node\node_global;C:\ProgramData\chocolatey\bin;D:\software\Vagrant\bin;D:\software\sonar-scanner-4.5.0.2216-windows\bin;D:\software\ffmpeg\ffmpeg-N-100405-gbf4b9e933f-win64-gpl-shared\bin;D:\software\jd_seckill_windows_amd64;D:\software\jd_seckill_windows_amd64;D:\software\VirtualMachine\algo-pk\algo-pk3\algo-pk3\qemu-img-win-x64-2_3_0;C:\Programs\Python\Python38\Scripts\;C:\Programs\Python\Python38\;C:\Users\caijiacheng\AppData\Local\Microsoft\WindowsApps;C:\Program Files\JetBrains\PyCharm Community Edition 2019.3.1\bin;C:\Users\caijiacheng\AppData\Roaming\npm;D:\software\devTool\Microsoft VS Code\bin
USERNAME=caijiacheng
OS=Windows_NT
PROCESSOR_IDENTIFIER=Intel64 Family 6 Model 142 Stepping 11, GenuineIntel



---------------  S Y S T E M  ---------------

OS: Windows 10.0 , 64 bit Build 18362 (10.0.18362.86)

CPU:total 8 (initial active 8) (4 cores per cpu, 2 threads per core) family 6 model 142 stepping 11, cmov, cx8, fxsr, mmx, sse, sse2, sse3, ssse3, sse4.1, sse4.2, popcnt, avx, avx2, aes, clmul, erms, 3dnowpref, lzcnt, ht, tsc, tscinvbit, bmi1, bmi2, adx

Memory: 4k page, physical 8193756k(793336k free), swap 20993752k(1427744k free)

vm_info: Java HotSpot(TM) 64-Bit Server VM (25.231-b11) for windows-amd64 JRE (1.8.0_231-b11), built on Oct  5 2019 03:11:30 by "java_re" with MS VC++ 10.0 (VS2010)

time: Tue May 25 18:31:09 2021
timezone: 
elapsed time: 52 seconds (0d 0h 0m 52s)

